TN:
SF:codemelted.js
FNF:151
FNH:66
DA:16,88
DA:17,122
DA:18,134
DA:19,2064
DA:39,96
DA:40,460
DA:45,124
DA:48,6
DA:77,92
DA:78,34
DA:79,34
DA:80,42
DA:81,64
DA:82,60
DA:83,26
DA:84,6
DA:109,90
DA:110,34
DA:111,50
DA:112,80
DA:113,60
DA:114,42
DA:115,30
DA:116,58
DA:117,34
DA:118,56
DA:119,66
DA:120,26
DA:121,52
DA:122,40
DA:123,64
DA:124,34
DA:125,6
DA:135,101
DA:141,135
DA:148,106
DA:155,0
DA:156,0
DA:157,0
DA:158,0
DA:159,0
DA:160,0
DA:161,0
DA:162,0
DA:163,88
DA:169,34
DA:170,132
DA:179,24
DA:180,93
DA:181,106
DA:182,113
DA:183,83
DA:192,55
DA:193,97
DA:194,81
DA:196,96
DA:197,8
DA:199,2
DA:207,31
DA:209,18
DA:211,17
DA:217,64
DA:223,85
DA:229,74
DA:236,64
DA:244,97
DA:245,22
DA:246,57
DA:247,93
DA:248,13
DA:249,52
DA:250,131
DA:251,52
DA:252,117
DA:253,42
DA:254,31
DA:256,65
DA:258,38
DA:259,74
DA:260,135
DA:263,2
DA:272,60
DA:274,24
DA:276,16
DA:278,29
DA:284,44
DA:291,61
DA:297,82
DA:307,89
DA:308,22
DA:309,158
DA:310,48
DA:311,56
DA:312,54
DA:313,48
DA:314,18
DA:315,64
DA:316,48
DA:317,74
DA:318,19
DA:319,37
DA:320,78
DA:323,2
DA:340,50
DA:342,16
DA:344,28
DA:346,15
DA:356,64
DA:357,76
DA:358,42
DA:359,22
DA:360,30
DA:361,14
DA:362,52
DA:369,61
DA:375,61
DA:382,36
DA:383,141
DA:390,25
DA:391,111
DA:403,79
DA:404,22
DA:405,50
DA:406,50
DA:407,50
DA:408,34
DA:409,48
DA:410,18
DA:411,148
DA:412,148
DA:413,48
DA:414,72
DA:415,47
DA:416,38
DA:417,74
DA:418,133
DA:421,2
DA:435,46
DA:437,16
DA:439,18
DA:441,16
DA:443,20
DA:445,37
DA:451,22
DA:452,67
DA:453,96
DA:454,56
DA:455,97
DA:456,115
DA:457,12
DA:458,9
DA:467,31
DA:468,22
DA:471,62
DA:472,23
DA:473,49
DA:474,8
DA:475,13
DA:478,48
DA:479,78
DA:480,19
DA:481,37
DA:482,70
DA:490,96
DA:497,22
DA:498,22
DA:499,45
DA:500,19
DA:501,37
DA:502,67
DA:515,77
DA:516,22
DA:517,152
DA:518,150
DA:519,48
DA:520,48
DA:521,52
DA:522,79
DA:523,38
DA:524,74
DA:525,130
DA:533,27
DA:534,77
DA:536,89
DA:537,30
DA:538,96
DA:539,64
DA:540,98
DA:541,23
DA:542,32
DA:543,63
DA:545,35
DA:546,8
DA:548,2
DA:563,54
DA:565,23
DA:571,44
DA:577,43
DA:578,22
DA:579,116
DA:580,62
DA:581,19
DA:582,37
DA:583,75
DA:586,2
DA:593,96
DA:595,24
DA:597,33
DA:603,25
DA:604,22
DA:605,94
DA:606,50
DA:607,19
DA:608,37
DA:609,21
DA:610,48
DA:611,15
DA:612,16
DA:624,87
DA:625,26
DA:626,22
DA:627,64
DA:628,28
DA:629,14
DA:630,22
DA:631,156
DA:632,64
DA:634,109
DA:635,46
DA:636,92
DA:637,90
DA:638,23
DA:639,30
DA:640,19
DA:641,37
DA:642,78
DA:645,2
DA:651,56
DA:653,18
DA:655,23
DA:661,30
DA:662,85
DA:663,27
DA:664,15
DA:671,32
DA:672,89
DA:673,27
DA:674,15
DA:681,38
DA:687,44
DA:697,65
DA:698,22
DA:699,122
DA:700,114
DA:701,58
DA:702,13
DA:703,158
DA:704,52
DA:705,62
DA:706,19
DA:707,37
DA:708,23
DA:709,39
DA:710,14
DA:713,2
DA:737,98
DA:739,33
DA:745,0
DA:746,0
DA:747,0
DA:748,0
DA:749,0
DA:750,0
DA:751,0
DA:752,0
DA:753,8
DA:766,36
DA:767,22
DA:768,72
DA:769,19
DA:770,37
DA:771,21
DA:772,48
DA:773,15
DA:774,16
DA:782,25
DA:783,22
DA:784,60
DA:785,19
DA:786,37
DA:787,21
DA:788,48
DA:789,15
DA:790,16
DA:806,137
DA:807,26
DA:808,22
DA:809,34
DA:810,60
DA:811,14
DA:812,22
DA:813,158
DA:814,63
DA:815,13
DA:816,146
DA:817,154
DA:818,74
DA:819,72
DA:821,14
DA:822,16
DA:823,81
DA:824,46
DA:825,88
DA:826,124
DA:827,22
DA:828,69
DA:830,0
DA:831,0
DA:832,0
DA:833,0
DA:834,0
DA:835,42
DA:837,85
DA:838,46
DA:839,92
DA:840,126
DA:841,22
DA:842,68
DA:844,38
DA:845,74
DA:846,145
DA:849,2
DA:863,53
DA:864,89
DA:865,22
DA:866,150
DA:867,51
DA:868,37
DA:869,25
DA:870,38
DA:871,74
DA:872,38
DA:874,6
DA:899,92
DA:900,18
DA:901,108
DA:902,32
DA:903,34
DA:904,70
DA:905,107
DA:922,103
DA:923,18
DA:924,66
DA:925,22
DA:926,30
DA:927,28
DA:928,9
DA:929,17
DA:930,35
DA:931,57
DA:949,40
DA:950,14
DA:951,62
DA:952,26
DA:953,12
DA:954,6
DA:955,18
DA:956,68
DA:957,22
DA:958,28
DA:959,34
DA:960,14
DA:961,10
DA:962,34
DA:963,70
DA:964,107
DA:978,0
DA:979,0
DA:980,0
DA:981,0
DA:982,0
DA:983,0
DA:984,56
DA:994,0
DA:995,0
DA:996,0
DA:997,0
DA:998,0
DA:999,0
DA:1000,56
DA:1010,0
DA:1011,0
DA:1012,0
DA:1013,0
DA:1014,0
DA:1015,0
DA:1016,55
DA:1026,0
DA:1027,0
DA:1028,0
DA:1029,0
DA:1030,0
DA:1031,0
DA:1032,56
DA:1042,0
DA:1043,0
DA:1044,0
DA:1045,0
DA:1046,0
DA:1047,0
DA:1048,57
DA:1068,92
DA:1069,60
DA:1070,30
DA:1071,52
DA:1072,6
DA:1098,0
DA:1099,0
DA:1100,0
DA:1101,0
DA:1102,0
DA:1103,0
DA:1104,0
DA:1105,0
DA:1106,0
DA:1107,0
DA:1108,0
DA:1109,0
DA:1110,0
DA:1111,0
DA:1112,0
DA:1113,0
DA:1114,0
DA:1115,0
DA:1116,0
DA:1117,0
DA:1118,0
DA:1119,0
DA:1120,0
DA:1121,0
DA:1122,0
DA:1123,0
DA:1124,0
DA:1125,0
DA:1126,0
DA:1127,0
DA:1128,0
DA:1129,0
DA:1130,0
DA:1131,0
DA:1132,0
DA:1133,0
DA:1134,0
DA:1135,0
DA:1136,0
DA:1137,0
DA:1138,0
DA:1139,0
DA:1140,0
DA:1141,0
DA:1142,0
DA:1143,0
DA:1144,0
DA:1145,0
DA:1146,0
DA:1147,0
DA:1148,0
DA:1149,0
DA:1150,0
DA:1151,0
DA:1152,0
DA:1153,0
DA:1154,0
DA:1155,0
DA:1156,0
DA:1157,5
DA:1180,0
DA:1181,0
DA:1182,0
DA:1183,0
DA:1184,0
DA:1185,0
DA:1186,0
DA:1187,0
DA:1188,0
DA:1189,0
DA:1190,0
DA:1191,0
DA:1192,0
DA:1193,0
DA:1194,0
DA:1195,0
DA:1196,0
DA:1197,0
DA:1198,0
DA:1199,0
DA:1200,0
DA:1201,0
DA:1202,0
DA:1203,0
DA:1204,0
DA:1205,0
DA:1206,0
DA:1207,0
DA:1208,0
DA:1209,0
DA:1210,0
DA:1211,0
DA:1212,0
DA:1213,0
DA:1214,0
DA:1215,0
DA:1216,0
DA:1217,0
DA:1218,0
DA:1219,0
DA:1220,0
DA:1221,0
DA:1222,0
DA:1223,0
DA:1224,0
DA:1225,0
DA:1226,0
DA:1227,0
DA:1228,0
DA:1229,0
DA:1230,0
DA:1231,0
DA:1232,0
DA:1233,0
DA:1234,0
DA:1235,0
DA:1236,0
DA:1237,0
DA:1238,0
DA:1239,0
DA:1240,0
DA:1241,0
DA:1242,0
DA:1243,0
DA:1244,0
DA:1245,0
DA:1246,0
DA:1247,0
DA:1248,0
DA:1249,0
DA:1250,0
DA:1251,0
DA:1252,0
DA:1253,0
DA:1254,5
DA:1605,62
DA:1607,22
DA:1609,0
DA:1610,0
DA:1611,0
DA:1612,0
DA:1613,0
DA:1614,0
DA:1615,0
DA:1616,0
DA:1617,0
DA:1618,0
DA:1619,0
DA:1620,0
DA:1621,0
DA:1622,0
DA:1623,0
DA:1624,0
DA:1625,0
DA:1626,0
DA:1627,0
DA:1628,0
DA:1629,0
DA:1630,0
DA:1631,0
DA:1632,0
DA:1633,0
DA:1634,0
DA:1635,0
DA:1636,0
DA:1637,0
DA:1638,0
DA:1639,0
DA:1640,44
DA:1646,36
DA:1652,42
DA:1664,0
DA:1665,0
DA:1666,0
DA:1667,0
DA:1668,0
DA:1669,0
DA:1670,0
DA:1671,0
DA:1672,0
DA:1673,0
DA:1674,0
DA:1675,0
DA:1676,0
DA:1677,0
DA:1678,0
DA:1679,0
DA:1680,0
DA:1681,77
DA:1684,2
DA:1689,62
DA:1691,2
DA:2074,49
DA:2075,18
DA:2076,132
DA:2077,62
DA:2078,34
DA:2079,79
DA:2080,74
DA:2081,103
DA:2082,9
DA:2083,29
DA:2100,49
DA:2101,18
DA:2102,132
DA:2103,62
DA:2104,34
DA:2105,79
DA:2106,74
DA:2107,103
DA:2108,9
DA:2109,29
DA:2148,43
DA:2149,14
DA:2150,14
DA:2151,40
DA:2152,46
DA:2153,6
DA:2154,18
DA:2155,103
DA:2156,45
DA:2158,49
DA:2159,83
DA:2160,87
DA:2161,41
DA:2162,69
DA:2163,107
DA:2164,9
DA:2165,30
DA:2166,34
DA:2167,70
DA:2168,117
DA:2184,57
DA:2185,97
DA:2186,90
DA:2187,47
DA:2188,77
DA:2189,3
DA:2190,5
DA:2191,22
DA:2206,58
DA:2207,103
DA:2208,63
DA:2209,5
DA:2210,22
DA:2230,112
DA:2231,18
DA:2232,142
DA:2233,142
DA:2234,62
DA:2235,73
DA:2236,107
DA:2237,9
DA:2238,34
DA:2239,34
DA:2240,70
DA:2241,111
DA:2262,118
DA:2263,18
DA:2264,142
DA:2265,146
DA:2266,114
DA:2267,70
DA:2268,56
DA:2269,9
DA:2270,37
DA:2271,17
DA:2272,35
DA:2273,59
DA:2288,50
DA:2289,18
DA:2290,72
DA:2291,31
DA:2292,15
DA:2293,10
DA:2294,34
DA:2295,29
DA:2311,54
DA:2312,18
DA:2313,90
DA:2314,41
DA:2315,27
DA:2316,13
DA:2317,17
DA:2318,18
DA:2340,76
DA:2341,76
DA:2342,72
DA:2343,84
DA:2344,76
DA:2345,64
DA:2346,6
DA:2360,52
DA:2362,38
DA:2364,18
DA:2366,39
DA:2372,61
DA:2378,64
DA:2384,61
DA:2392,57
DA:2393,22
DA:2394,150
DA:2395,138
DA:2396,138
DA:2397,52
DA:2398,46
DA:2399,19
DA:2400,37
DA:2401,74
DA:2404,2
DA:2413,66
DA:2420,54
DA:2436,60
DA:2437,18
DA:2438,107
DA:2439,54
DA:2440,27
DA:2441,50
DA:2442,50
DA:2443,44
DA:2444,34
DA:2445,48
DA:2446,18
DA:2447,68
DA:2449,34
DA:2450,70
DA:2451,116
DA:2470,54
DA:2471,18
DA:2472,35
DA:2473,150
DA:2474,138
DA:2475,138
DA:2476,52
DA:2477,9
DA:2479,58
DA:2480,34
DA:2481,70
DA:2482,111
DA:2497,72
DA:2498,18
DA:2499,146
DA:2500,134
DA:2501,134
DA:2502,35
DA:2503,107
DA:2504,9
DA:2508,81
DA:2509,17
DA:2510,9
DA:2513,102
DA:2515,111
DA:2517,87
DA:2518,41
DA:2519,34
DA:2520,24
DA:2521,58
DA:2523,44
DA:2524,26
DA:2525,24
DA:2526,29
DA:2527,40
DA:2528,26
DA:2529,58
DA:2531,44
DA:2532,26
DA:2533,24
DA:2534,29
DA:2535,36
DA:2536,28
DA:2537,58
DA:2539,44
DA:2540,26
DA:2541,24
DA:2542,30
DA:2545,59
DA:2546,60
DA:2547,9
DA:2548,8
DA:2549,34
DA:2550,70
DA:2551,108
DA:2568,94
DA:2569,38
DA:2570,42
DA:2571,6
DA:2580,76
DA:2582,18
DA:2584,23
DA:2590,38
DA:2596,44
DA:2605,0
DA:2606,0
DA:2607,0
DA:2608,0
DA:2609,0
DA:2610,0
DA:2611,0
DA:2612,0
DA:2613,0
DA:2614,0
DA:2615,12
DA:2618,2
DA:2625,66
DA:2627,18
DA:2629,24
DA:2631,0
DA:2632,0
DA:2633,0
DA:2634,0
DA:2635,0
DA:2636,0
DA:2637,0
DA:2638,0
DA:2639,0
DA:2640,0
DA:2641,0
DA:2642,0
DA:2643,0
DA:2644,0
DA:2645,0
DA:2646,0
DA:2647,0
DA:2648,0
DA:2649,0
DA:2650,0
DA:2651,0
DA:2652,29
DA:2658,0
DA:2659,0
DA:2660,0
DA:2661,11
DA:2668,38
DA:2674,44
DA:2680,50
DA:2691,0
DA:2692,0
DA:2693,0
DA:2694,0
DA:2695,0
DA:2696,0
DA:2697,0
DA:2698,0
DA:2699,0
DA:2700,0
DA:2701,0
DA:2702,0
DA:2703,0
DA:2704,0
DA:2705,0
DA:2706,0
DA:2707,0
DA:2708,0
DA:2709,0
DA:2710,12
DA:2713,2
DA:2720,56
DA:2722,30
DA:2724,15
DA:2731,0
DA:2732,0
DA:2733,0
DA:2734,11
DA:2741,0
DA:2742,0
DA:2743,0
DA:2744,11
DA:2752,0
DA:2753,0
DA:2754,0
DA:2755,11
DA:2763,0
DA:2764,0
DA:2765,0
DA:2766,11
DA:2774,0
DA:2775,0
DA:2776,0
DA:2777,11
DA:2784,40
DA:2794,0
DA:2795,0
DA:2796,0
DA:2797,0
DA:2798,0
DA:2799,0
DA:2800,0
DA:2801,74
DA:2804,2
DA:2811,60
DA:2813,30
DA:2815,15
DA:2822,50
DA:2828,36
DA:2838,0
DA:2839,0
DA:2840,0
DA:2841,0
DA:2842,0
DA:2843,0
DA:2844,0
DA:2845,0
DA:2846,0
DA:2847,0
DA:2848,0
DA:2849,0
DA:2850,76
DA:2853,2
DA:2859,62
DA:2861,38
DA:2863,18
DA:2865,24
DA:2867,30
DA:2869,0
DA:2870,0
DA:2871,0
DA:2872,0
DA:2873,0
DA:2874,0
DA:2875,0
DA:2876,0
DA:2877,0
DA:2878,0
DA:2879,0
DA:2880,0
DA:2881,0
DA:2882,0
DA:2883,0
DA:2884,0
DA:2885,0
DA:2886,0
DA:2887,0
DA:2888,0
DA:2889,0
DA:2890,0
DA:2891,0
DA:2892,0
DA:2893,0
DA:2894,0
DA:2895,0
DA:2896,0
DA:2897,29
DA:2903,0
DA:2904,0
DA:2905,0
DA:2906,11
DA:2913,0
DA:2914,0
DA:2915,0
DA:2916,11
DA:2923,58
DA:2929,38
DA:2935,44
DA:2941,50
DA:2947,34
DA:2962,0
DA:2963,0
DA:2964,0
DA:2965,0
DA:2966,0
DA:2967,0
DA:2968,0
DA:2969,0
DA:2970,0
DA:2971,0
DA:2972,0
DA:2973,0
DA:2974,0
DA:2975,0
DA:2976,0
DA:2977,0
DA:2978,0
DA:2979,0
DA:2980,0
DA:2981,0
DA:2982,0
DA:2983,0
DA:2984,0
DA:2985,0
DA:2986,0
DA:2987,0
DA:2988,0
DA:2989,0
DA:2990,12
DA:2993,2
DA:3006,118
DA:3008,21
DA:3022,0
DA:3023,0
DA:3024,0
DA:3025,0
DA:3026,0
DA:3027,0
DA:3028,0
DA:3029,0
DA:3030,14
DA:3038,0
DA:3039,0
DA:3040,0
DA:3041,0
DA:3042,0
DA:3043,0
DA:3044,0
DA:3045,0
DA:3046,14
DA:3058,0
DA:3059,0
DA:3060,0
DA:3061,0
DA:3062,0
DA:3063,0
DA:3064,0
DA:3065,0
DA:3066,0
DA:3067,0
DA:3068,0
DA:3069,0
DA:3070,0
DA:3071,0
DA:3072,0
DA:3073,0
DA:3074,0
DA:3075,0
DA:3076,0
DA:3077,0
DA:3078,0
DA:3079,0
DA:3080,0
DA:3081,0
DA:3082,0
DA:3083,0
DA:3084,0
DA:3085,79
DA:3088,2
DA:3097,108
DA:3099,13
DA:3105,0
DA:3106,0
DA:3107,0
DA:3108,0
DA:3109,0
DA:3110,0
DA:3111,0
DA:3112,0
DA:3113,14
DA:3127,0
DA:3128,0
DA:3129,0
DA:3130,0
DA:3131,0
DA:3132,0
DA:3133,0
DA:3134,0
DA:3135,0
DA:3136,0
DA:3137,0
DA:3138,0
DA:3139,0
DA:3140,0
DA:3141,0
DA:3142,0
DA:3143,0
DA:3144,0
DA:3145,0
DA:3146,0
DA:3147,0
DA:3148,0
DA:3149,0
DA:3150,0
DA:3151,0
DA:3152,0
DA:3153,0
DA:3154,0
DA:3155,0
DA:3156,0
DA:3157,0
DA:3158,0
DA:3159,0
DA:3160,0
DA:3161,0
DA:3162,0
DA:3163,0
DA:3164,0
DA:3165,0
DA:3166,0
DA:3167,0
DA:3168,0
DA:3169,0
DA:3170,0
DA:3171,0
DA:3172,0
DA:3173,0
DA:3174,0
DA:3175,0
DA:3176,0
DA:3177,0
DA:3178,0
DA:3179,0
DA:3180,0
DA:3181,69
DA:3184,2
DA:3349,0
DA:3350,0
DA:3351,0
DA:3352,0
DA:3353,0
DA:3354,0
DA:3355,0
DA:3356,0
DA:3357,0
DA:3358,0
DA:3359,0
DA:3360,0
DA:3361,0
DA:3362,0
DA:3363,0
DA:3364,0
DA:3365,0
DA:3366,0
DA:3367,0
DA:3368,0
DA:3369,0
DA:3370,0
DA:3371,0
DA:3372,0
DA:3373,60
DA:3388,0
DA:3389,0
DA:3390,0
DA:3391,0
DA:3392,0
DA:3393,0
DA:3394,0
DA:3395,0
DA:3396,0
DA:3397,0
DA:3398,0
DA:3399,61
DA:3416,0
DA:3417,0
DA:3418,0
DA:3419,0
DA:3420,0
DA:3421,0
DA:3422,0
DA:3423,0
DA:3424,0
DA:3425,0
DA:3426,0
DA:3427,0
DA:3428,0
DA:3429,0
DA:3430,0
DA:3431,0
DA:3432,0
DA:3433,0
DA:3434,0
DA:3435,0
DA:3436,0
DA:3437,0
DA:3438,57
DA:3508,104
DA:3509,56
DA:3510,34
DA:3511,38
DA:3512,80
DA:3513,42
DA:3514,26
DA:3515,50
DA:3516,60
DA:3517,30
DA:3518,60
DA:3519,38
DA:3520,64
DA:3521,30
DA:3522,30
DA:3523,30
DA:3524,58
DA:3525,26
DA:3526,56
DA:3527,68
DA:3528,72
DA:3529,34
DA:3530,66
DA:3531,64
DA:3532,26
DA:3533,42
DA:3534,40
DA:3535,52
DA:3536,64
DA:3537,76
DA:3538,64
DA:3539,6
DA:3549,90
DA:3550,26
DA:3551,34
DA:3552,6
DA:3685,129
DA:3694,123
DA:3695,142
DA:3696,152
DA:3697,52
DA:3698,117
DA:3699,64
DA:3700,9
DA:3701,42
DA:3704,18
DA:3705,57
DA:3706,80
DA:3707,105
DA:3708,70
DA:3709,123
DA:3710,72
DA:3711,62
DA:3712,66
DA:3713,72
DA:3714,21
DA:3715,78
DA:3716,126
DA:3717,93
DA:3718,92
DA:3719,123
DA:3720,74
DA:3721,104
DA:3722,76
DA:3723,78
DA:3724,84
DA:3725,113
DA:3726,66
DA:3727,97
DA:3728,68
DA:3729,99
DA:3730,82
DA:3731,113
DA:3732,82
DA:3733,113
DA:3734,84
DA:3735,115
DA:3736,72
DA:3737,30
DA:3738,82
DA:3739,76
DA:3740,82
DA:3741,97
DA:3742,26
DA:3743,35
DA:3744,11
DA:3746,52
DA:3747,17
DA:3748,38
DA:3750,68
DA:3751,62
DA:3752,80
DA:3753,72
DA:3754,21
DA:3755,68
DA:3756,96
DA:3757,78
DA:3758,85
DA:3759,68
DA:3760,99
DA:3761,82
DA:3762,62
DA:3763,68
DA:3764,72
DA:3765,21
DA:3766,66
DA:3767,102
DA:3769,100
DA:3770,35
DA:3771,86
DA:3772,112
DA:3774,69
DA:3775,80
DA:3776,62
DA:3777,58
DA:3778,72
DA:3779,16
DA:3780,44
DA:3781,68
DA:3782,70
DA:3783,62
DA:3784,56
DA:3785,72
DA:3786,21
DA:3787,84
DA:3788,139
DA:3789,84
DA:3790,62
DA:3791,74
DA:3792,72
DA:3793,12
DA:3795,95
DA:3796,66
DA:3797,62
DA:3798,52
DA:3799,72
DA:3800,21
DA:3801,74
DA:3802,62
DA:3803,60
DA:3804,72
DA:3805,21
DA:3806,72
DA:3807,125
DA:3808,78
DA:3809,109
DA:3810,84
DA:3811,115
DA:3812,90
DA:3813,103
DA:3814,86
DA:3815,147
DA:3817,97
DA:3819,34
DA:3820,70
DA:3821,121
DA:3854,41
DA:3855,20
DA:3856,14
DA:3857,20
DA:3858,44
DA:3859,6
DA:3860,18
DA:3861,86
DA:3862,94
DA:3863,62
DA:3864,30
DA:3865,14
DA:3866,38
DA:3867,61
DA:3868,9
DA:3869,144
DA:3870,46
DA:3871,46
DA:3872,40
DA:3873,30
DA:3874,44
DA:3875,14
DA:3876,59
DA:3877,86
DA:3878,78
DA:3879,92
DA:3880,27
DA:3881,100
DA:3883,34
DA:3884,70
DA:3885,114
DA:3923,88
DA:3924,38
DA:3925,34
DA:3926,38
DA:3927,6
DA:3945,0
DA:3946,0
DA:3947,0
DA:3948,0
DA:3949,0
DA:3950,0
DA:3951,0
DA:3952,0
DA:3953,0
DA:3954,0
DA:3955,0
DA:3956,0
DA:3957,0
DA:3958,0
DA:3959,0
DA:3960,0
DA:3961,0
DA:3962,0
DA:3963,0
DA:3964,0
DA:3965,0
DA:3966,0
DA:3967,0
DA:3968,0
DA:3969,0
DA:3970,0
DA:3971,0
DA:3972,0
DA:3973,0
DA:3974,0
DA:3975,0
DA:3976,0
DA:3977,0
DA:3978,0
DA:3979,0
DA:3980,60
DA:4002,0
DA:4003,0
DA:4004,0
DA:4005,0
DA:4006,0
DA:4007,0
DA:4008,0
DA:4009,0
DA:4010,0
DA:4011,0
DA:4012,0
DA:4013,0
DA:4014,0
DA:4015,0
DA:4016,0
DA:4017,0
DA:4018,0
DA:4019,0
DA:4020,0
DA:4021,0
DA:4022,0
DA:4023,0
DA:4024,0
DA:4025,0
DA:4026,0
DA:4027,0
DA:4028,0
DA:4029,0
DA:4030,0
DA:4031,0
DA:4032,0
DA:4033,58
DA:4056,0
DA:4057,0
DA:4058,0
DA:4059,0
DA:4060,0
DA:4061,0
DA:4062,0
DA:4063,0
DA:4064,0
DA:4065,0
DA:4066,0
DA:4067,0
DA:4068,0
DA:4069,0
DA:4070,0
DA:4071,0
DA:4072,0
DA:4073,0
DA:4074,0
DA:4075,0
DA:4076,0
DA:4077,0
DA:4078,0
DA:4079,0
DA:4080,0
DA:4081,0
DA:4082,0
DA:4083,0
DA:4084,0
DA:4085,0
DA:4086,0
DA:4087,0
DA:4088,0
DA:4089,0
DA:4090,58
DA:4111,0
DA:4112,0
DA:4113,0
DA:4114,0
DA:4115,0
DA:4116,0
DA:4117,0
DA:4118,0
DA:4119,0
DA:4120,0
DA:4121,0
DA:4122,0
DA:4123,0
DA:4124,0
DA:4125,0
DA:4126,0
DA:4127,0
DA:4128,0
DA:4129,0
DA:4130,0
DA:4131,0
DA:4132,0
DA:4133,0
DA:4134,0
DA:4135,0
DA:4136,0
DA:4137,61
DA:4158,0
DA:4159,0
DA:4160,0
DA:4161,0
DA:4162,0
DA:4163,0
DA:4164,0
DA:4165,0
DA:4166,0
DA:4167,0
DA:4168,0
DA:4169,0
DA:4170,0
DA:4171,0
DA:4172,0
DA:4173,0
DA:4174,0
DA:4175,0
DA:4176,0
DA:4177,0
DA:4178,0
DA:4179,0
DA:4180,0
DA:4181,0
DA:4182,0
DA:4183,0
DA:4184,0
DA:4185,0
DA:4186,0
DA:4187,0
DA:4188,61
DA:4211,0
DA:4212,0
DA:4213,0
DA:4214,0
DA:4215,0
DA:4216,0
DA:4217,0
DA:4218,0
DA:4219,0
DA:4220,0
DA:4221,0
DA:4222,0
DA:4223,0
DA:4224,0
DA:4225,0
DA:4226,0
DA:4227,0
DA:4228,0
DA:4229,0
DA:4230,0
DA:4231,0
DA:4232,0
DA:4233,0
DA:4234,0
DA:4235,0
DA:4236,0
DA:4237,0
DA:4238,0
DA:4239,0
DA:4240,0
DA:4241,0
DA:4242,58
DA:4288,92
DA:4289,30
DA:4290,34
DA:4291,40
DA:4292,40
DA:4293,34
DA:4294,60
DA:4295,34
DA:4296,48
DA:4297,48
DA:4298,38
DA:4299,48
DA:4300,48
DA:4301,34
DA:4302,38
DA:4303,6
DA:4317,96
DA:4318,60
DA:4319,62
DA:4320,96
DA:4321,84
DA:4322,6
DA:4342,92
DA:4343,34
DA:4344,38
DA:4345,34
DA:4346,42
DA:4347,38
DA:4348,38
DA:4349,48
DA:4350,88
DA:4351,26
DA:4352,6
DA:4366,86
DA:4367,32
DA:4368,36
DA:4369,40
DA:4370,40
DA:4371,28
DA:4372,24
DA:4373,6
DA:4427,92
DA:4428,76
DA:4429,72
DA:4430,56
DA:4431,60
DA:4432,82
DA:4433,38
DA:4434,60
DA:4435,56
DA:4436,60
DA:4437,56
DA:4438,56
DA:4439,56
DA:4440,106
DA:4441,102
DA:4442,52
DA:4443,44
DA:4444,44
DA:4445,44
DA:4446,44
DA:4447,30
DA:4448,6
DA:4462,86
DA:4463,36
DA:4464,40
DA:4465,32
DA:4466,24
DA:4467,6
DA:4516,137
DA:4518,80
DA:4519,2
DA:4545,0
DA:4546,0
DA:4547,0
DA:4548,0
DA:4549,0
DA:4550,0
DA:4551,0
DA:4552,0
DA:4553,0
DA:4554,0
DA:4555,0
DA:4556,0
DA:4557,0
DA:4558,0
DA:4559,0
DA:4560,0
DA:4561,0
DA:4562,0
DA:4563,0
DA:4564,0
DA:4565,0
DA:4566,0
DA:4567,0
DA:4568,0
DA:4569,0
DA:4570,0
DA:4571,0
DA:4572,0
DA:4573,0
DA:4574,0
DA:4575,0
DA:4576,0
DA:4577,0
DA:4578,0
DA:4579,0
DA:4580,0
DA:4581,0
DA:4582,0
DA:4583,0
DA:4584,0
DA:4585,0
DA:4586,0
DA:4587,0
DA:4588,0
DA:4589,0
DA:4590,0
DA:4591,0
DA:4592,0
DA:4593,0
DA:4594,0
DA:4595,0
DA:4596,0
DA:4597,0
DA:4598,0
DA:4599,0
DA:4600,0
DA:4601,0
DA:4602,0
DA:4603,0
DA:4604,0
DA:4605,0
DA:4606,0
DA:4607,0
DA:4608,0
DA:4609,0
DA:4610,0
DA:4611,0
DA:4612,0
DA:4613,0
DA:4614,0
DA:4615,0
DA:4616,0
DA:4617,0
DA:4618,0
DA:4619,0
DA:4620,0
DA:4621,0
DA:4622,0
DA:4623,0
DA:4624,0
DA:4625,0
DA:4626,0
DA:4627,0
DA:4628,0
DA:4629,0
DA:4630,0
DA:4631,0
DA:4632,0
DA:4633,0
DA:4634,0
DA:4635,0
DA:4636,0
DA:4637,0
DA:4638,0
DA:4639,0
DA:4640,0
DA:4641,0
DA:4642,0
DA:4643,41
DA:4665,0
DA:4666,0
DA:4667,0
DA:4668,0
DA:4669,0
DA:4670,0
DA:4671,0
DA:4672,0
DA:4673,0
DA:4674,0
DA:4675,0
DA:4676,0
DA:4677,0
DA:4678,0
DA:4679,0
DA:4680,0
DA:4681,0
DA:4682,0
DA:4683,0
DA:4684,0
DA:4685,0
DA:4686,0
DA:4687,0
DA:4688,0
DA:4689,0
DA:4690,0
DA:4691,0
DA:4692,0
DA:4693,0
DA:4694,0
DA:4695,0
DA:4696,0
DA:4697,0
DA:4698,0
DA:4699,0
DA:4700,0
DA:4701,0
DA:4702,0
DA:4703,0
DA:4704,0
DA:4705,0
DA:4706,0
DA:4707,0
DA:4708,0
DA:4709,0
DA:4710,58
DA:4727,0
DA:4728,0
DA:4729,0
DA:4730,0
DA:4731,0
DA:4732,0
DA:4733,0
DA:4734,0
DA:4735,0
DA:4736,0
DA:4737,0
DA:4738,0
DA:4739,0
DA:4740,0
DA:4741,0
DA:4742,0
DA:4743,0
DA:4744,0
DA:4745,0
DA:4746,0
DA:4747,0
DA:4748,0
DA:4749,0
DA:4750,0
DA:4751,0
DA:4752,62
DA:4765,0
DA:4766,0
DA:4767,0
DA:4768,0
DA:4769,0
DA:4770,0
DA:4771,0
DA:4772,0
DA:4773,0
DA:4774,0
DA:4775,0
DA:4776,0
DA:4777,0
DA:4778,0
DA:4779,0
DA:4780,0
DA:4781,0
DA:4782,0
DA:4783,0
DA:4784,0
DA:4785,0
DA:4786,0
DA:4787,0
DA:4788,0
DA:4789,0
DA:4790,0
DA:4791,0
DA:4792,0
DA:4793,0
DA:4794,0
DA:4795,0
DA:4796,0
DA:4797,0
DA:4798,0
DA:4799,0
DA:4800,0
DA:4801,0
DA:4802,0
DA:4803,0
DA:4804,0
DA:4805,0
DA:4806,0
DA:4807,0
DA:4808,0
DA:4809,0
DA:4810,0
DA:4811,0
DA:4812,0
DA:4813,0
DA:4814,0
DA:4815,0
DA:4816,0
DA:4817,0
DA:4818,0
DA:4819,0
DA:4820,0
DA:4821,0
DA:4822,0
DA:4823,0
DA:4824,0
DA:4825,0
DA:4826,0
DA:4827,0
DA:4828,0
DA:4829,0
DA:4830,0
DA:4831,0
DA:4832,0
DA:4833,56
DA:4875,0
DA:4876,0
DA:4877,0
DA:4878,0
DA:4879,0
DA:4880,0
DA:4881,0
DA:4882,0
DA:4883,0
DA:4884,0
DA:4885,0
DA:4886,0
DA:4887,0
DA:4888,0
DA:4889,0
DA:4890,0
DA:4891,0
DA:4892,0
DA:4893,0
DA:4894,0
DA:4895,0
DA:4896,0
DA:4897,0
DA:4898,0
DA:4899,0
DA:4900,0
DA:4901,0
DA:4902,0
DA:4903,0
DA:4904,0
DA:4905,0
DA:4906,0
DA:4907,0
DA:4908,0
DA:4909,0
DA:4910,0
DA:4911,0
DA:4912,0
DA:4913,0
DA:4914,0
DA:4915,0
DA:4916,0
DA:4917,0
DA:4918,0
DA:4919,0
DA:4920,0
DA:4921,0
DA:4922,0
DA:4923,0
DA:4924,0
DA:4925,0
DA:4926,0
DA:4927,0
DA:4928,0
DA:4929,0
DA:4930,0
DA:4931,0
DA:4932,0
DA:4933,0
DA:4934,0
DA:4935,0
DA:4936,0
DA:4937,0
DA:4938,0
DA:4939,0
DA:4940,0
DA:4941,0
DA:4942,0
DA:4943,0
DA:4944,0
DA:4945,0
DA:4946,0
DA:4947,0
DA:4948,0
DA:4949,0
DA:4950,0
DA:4951,0
DA:4952,0
DA:4953,0
DA:4954,0
DA:4955,0
DA:4956,0
DA:4957,0
DA:4958,0
DA:4959,0
DA:4960,0
DA:4961,0
DA:4962,0
DA:4963,0
DA:4964,0
DA:4965,0
DA:4966,0
DA:4967,0
DA:4968,0
DA:4969,0
DA:4970,0
DA:4971,0
DA:4972,0
DA:4973,0
DA:4974,0
DA:4975,0
DA:4976,0
DA:4977,61
DA:5007,100
DA:5009,28
DA:5011,48
DA:5013,32
DA:5015,42
DA:5017,38
DA:5019,0
DA:5020,0
DA:5021,0
DA:5022,0
DA:5023,0
DA:5024,0
DA:5025,0
DA:5026,0
DA:5027,50
DA:5038,0
DA:5039,0
DA:5040,0
DA:5041,0
DA:5042,0
DA:5043,0
DA:5044,0
DA:5045,0
DA:5046,0
DA:5047,11
DA:5054,50
DA:5064,0
DA:5065,0
DA:5066,0
DA:5067,0
DA:5068,0
DA:5069,76
DA:5079,0
DA:5080,0
DA:5081,0
DA:5082,0
DA:5083,0
DA:5084,69
DA:5098,0
DA:5099,0
DA:5100,0
DA:5101,0
DA:5102,0
DA:5103,73
DA:5111,0
DA:5112,0
DA:5113,0
DA:5114,0
DA:5115,0
DA:5116,72
DA:5124,0
DA:5125,0
DA:5126,0
DA:5127,0
DA:5128,0
DA:5129,0
DA:5130,49
DA:5139,0
DA:5140,0
DA:5141,0
DA:5142,0
DA:5143,0
DA:5144,0
DA:5145,7
DA:5163,0
DA:5164,0
DA:5165,0
DA:5166,0
DA:5167,0
DA:5168,0
DA:5169,0
DA:5170,0
DA:5171,0
DA:5172,0
DA:5173,0
DA:5174,0
DA:5175,0
DA:5176,0
DA:5177,0
DA:5178,0
DA:5179,0
DA:5180,0
DA:5181,0
DA:5182,0
DA:5183,0
DA:5184,0
DA:5185,0
DA:5186,0
DA:5187,0
DA:5188,0
DA:5189,0
DA:5190,0
DA:5191,0
DA:5192,0
DA:5193,0
DA:5194,0
DA:5195,0
DA:5196,0
DA:5197,0
DA:5198,0
DA:5199,0
DA:5200,0
DA:5201,0
DA:5202,0
DA:5203,0
DA:5204,0
DA:5205,0
DA:5206,0
DA:5207,0
DA:5208,0
DA:5209,0
DA:5210,0
DA:5211,0
DA:5212,0
DA:5213,0
DA:5214,0
DA:5215,0
DA:5216,0
DA:5217,0
DA:5218,0
DA:5219,0
DA:5220,0
DA:5221,54
LF:2100
LH:925
end_of_record
