TN:
SF:codemelted.js
FN:179,get MISUSE
FN:186,get NOT_IMPLEMENTED
FN:193,get TYPE_VIOLATION
FN:201,get UNSUPPORTED_RUNTIME
FN:207,handle_error
FN:217,toString
FN:230,CModuleError
FN:247,<instance_members_initializer>
FN:255,error
FN:261,is_error
FN:267,is_ok
FN:274,value
FN:282,CResult
FN:312,<instance_members_initializer>
FN:322,protocol
FN:329,data
FN:335,event_fired
FN:345,CProtocolEvent
FN:380,<instance_members_initializer>
FN:394,report
FN:407,name
FN:413,type
FN:420,post_message
FN:428,terminate
FN:441,CProtocol
FN:475,<instance_members_initializer>
FN:489,cancel
FN:493,anonymous_27
FN:505,execute
FN:528,has_completed
FN:535,result
FN:553,CFuture
FN:571,#do_execute
FN:572,anonymous_33
FN:574,anonymous_34
FN:603,<instance_members_initializer>
FN:609,interval
FN:615,CTimerEvent
FN:633,<instance_members_initializer>
FN:641,terminate
FN:662,CTimerProtocol
FN:672,anonymous_41
FN:691,<instance_members_initializer>
FN:699,as_error_event
FN:709,as_message_event
FN:719,event
FN:725,is_error
FN:735,CWorkerEvent
FN:777,<instance_members_initializer>
FN:783,cpu_count
FN:804,post_message
FN:820,terminate
FN:844,CWorkerProtocol
FN:861,CWorkerProtocol.#worker.onerror
FN:868,CWorkerProtocol.#worker.onmessageerror
FN:875,CWorkerProtocol.#worker.onmessage
FN:901,async_sleep
FN:902,anonymous_57
FN:905,anonymous_58
FN:937,async_task
FN:960,async_timer
FN:987,async_worker
FN:1016,db_exists
FN:1032,db_manage
FN:1048,db_query
FN:1064,db_update
FN:1080,db_version
FN:1136,disk_read_file
FN:1218,disk_write_file
FN:1645,<instance_members_initializer>
FN:1653,get BREAK
FN:1659,get DATA_BYTES
FN:1665,get DATA_TERMINAL_READY
FN:1671,get REQUEST_TO_SEND
FN:1678,get QUERY_DATA
FN:1684,data
FN:1690,request
FN:1702,CSerialPortData
FN:2112,json_atob
FN:2138,json_btoa
FN:2186,json_check_type
FN:2222,json_create_array
FN:2244,json_create_object
FN:2268,json_has_key
FN:2300,json_has_value
FN:2326,json_parse
FN:2349,json_stringify
FN:2400,<instance_members_initializer>
FN:2410,time
FN:2416,level
FN:2422,data
FN:2430,CLogRecord
FN:2474,logger_handler
FN:2508,logger_level
FN:2535,logger_log
FN:2620,<instance_members_initializer>
FN:2628,event
FN:2634,is_error
FN:2643,CBroadcastChannelEvent
FN:2665,<instance_members_initializer>
FN:2676,get CONNECTING
FN:2683,get OPEN
FN:2690,get CLOSED
FN:2696,as_message_event
FN:2706,event
FN:2712,is_error
FN:2718,ready_state
FN:2729,CEventSourceEvent
FN:2760,<instance_members_initializer>
FN:2769,as_binary
FN:2779,as_blob
FN:2790,as_form_data
FN:2801,as_object
FN:2812,as_string
FN:2822,status
FN:2832,CFetchResult
FN:2851,<instance_members_initializer>
FN:2860,binary_type
FN:2866,data
FN:2876,CWebSocketData
FN:2899,<instance_members_initializer>
FN:2914,get CONNECTING
FN:2921,get OPEN
FN:2928,get CLOSING
FN:2935,get CLOSED
FN:2941,as_close_event
FN:2951,as_message_event
FN:2961,buffered_amount
FN:2967,event
FN:2973,is_error
FN:2979,ready_state
FN:2985,url
FN:3000,CWebSocketEvent
FN:3046,<instance_members_initializer>
FN:3060,post_message
FN:3076,terminate
FN:3096,CBroadcastChannelProtocol
FN:3137,<instance_members_initializer>
FN:3143,terminate
FN:3165,CEventSourceProtocol
FN:3387,network_query
FN:3426,network_beacon
FN:3454,network_fetch
FN:3708,runtime_available
FN:3717,is_available
FN:3877,runtime_event
FN:3949,storage_clear
FN:4003,storage_get
FN:4054,storage_key
FN:4106,storage_length
FN:4150,storage_remove
FN:4200,storage_set
FN:4536,ui_action
FN:4647,ui_document
FN:4712,ui_notify
FN:4746,ui_screen
FN:4846,ui_open
FN:4980,<instance_members_initializer>
FN:5007,CHtmlComponent
FN:5075,get shadow_root
FN:5086,get_css_value
FN:5102,adoptedCallback
FN:5112,attributeChangedCallback
FN:5127,connectedCallback
FN:5146,connectedMoveCallback
FN:5159,disconnectedCallback
FN:5172,refresh
FN:5187,register_component
FN:5265,cli_main
FNDA:2,get MISUSE
FNDA:2,get NOT_IMPLEMENTED
FNDA:30,get TYPE_VIOLATION
FNDA:7,get UNSUPPORTED_RUNTIME
FNDA:75,handle_error
FNDA:76,toString
FNDA:116,CModuleError
FNDA:7,<instance_members_initializer>
FNDA:16,error
FNDA:12,is_error
FNDA:6,is_ok
FNDA:5,value
FNDA:7,CResult
FNDA:4,<instance_members_initializer>
FNDA:0,protocol
FNDA:0,data
FNDA:0,event_fired
FNDA:4,CProtocolEvent
FNDA:13,<instance_members_initializer>
FNDA:4,report
FNDA:1,name
FNDA:1,type
FNDA:1,post_message
FNDA:1,terminate
FNDA:13,CProtocol
FNDA:3,<instance_members_initializer>
FNDA:1,cancel
FNDA:1,anonymous_27
FNDA:1,execute
FNDA:6,has_completed
FNDA:2,result
FNDA:3,CFuture
FNDA:2,#do_execute
FNDA:2,anonymous_33
FNDA:1,anonymous_34
FNDA:4,<instance_members_initializer>
FNDA:0,interval
FNDA:4,CTimerEvent
FNDA:1,<instance_members_initializer>
FNDA:1,terminate
FNDA:4,CTimerProtocol
FNDA:4,anonymous_41
FNDA:0,<instance_members_initializer>
FNDA:0,as_error_event
FNDA:0,as_message_event
FNDA:0,event
FNDA:0,is_error
FNDA:0,CWorkerEvent
FNDA:3,<instance_members_initializer>
FNDA:0,cpu_count
FNDA:0,post_message
FNDA:0,terminate
FNDA:5,CWorkerProtocol
FNDA:0,CWorkerProtocol.#worker.onerror
FNDA:0,CWorkerProtocol.#worker.onmessageerror
FNDA:0,CWorkerProtocol.#worker.onmessage
FNDA:3,async_sleep
FNDA:3,anonymous_57
FNDA:2,anonymous_58
FNDA:4,async_task
FNDA:5,async_timer
FNDA:6,async_worker
FNDA:0,db_exists
FNDA:0,db_manage
FNDA:0,db_query
FNDA:0,db_update
FNDA:0,db_version
FNDA:0,disk_read_file
FNDA:0,disk_write_file
FNDA:0,<instance_members_initializer>
FNDA:0,get BREAK
FNDA:0,get DATA_BYTES
FNDA:0,get DATA_TERMINAL_READY
FNDA:0,get REQUEST_TO_SEND
FNDA:0,get QUERY_DATA
FNDA:0,data
FNDA:0,request
FNDA:0,CSerialPortData
FNDA:4,json_atob
FNDA:4,json_btoa
FNDA:493,json_check_type
FNDA:3,json_create_array
FNDA:3,json_create_object
FNDA:112,json_has_key
FNDA:4,json_has_value
FNDA:4,json_parse
FNDA:6,json_stringify
FNDA:20,<instance_members_initializer>
FNDA:14,time
FNDA:48,level
FNDA:14,data
FNDA:20,CLogRecord
FNDA:6,logger_handler
FNDA:10,logger_level
FNDA:27,logger_log
FNDA:0,<instance_members_initializer>
FNDA:0,event
FNDA:0,is_error
FNDA:0,CBroadcastChannelEvent
FNDA:0,<instance_members_initializer>
FNDA:0,get CONNECTING
FNDA:0,get OPEN
FNDA:0,get CLOSED
FNDA:0,as_message_event
FNDA:0,event
FNDA:0,is_error
FNDA:0,ready_state
FNDA:0,CEventSourceEvent
FNDA:0,<instance_members_initializer>
FNDA:0,as_binary
FNDA:0,as_blob
FNDA:0,as_form_data
FNDA:0,as_object
FNDA:0,as_string
FNDA:0,status
FNDA:0,CFetchResult
FNDA:0,<instance_members_initializer>
FNDA:0,binary_type
FNDA:0,data
FNDA:0,CWebSocketData
FNDA:0,<instance_members_initializer>
FNDA:0,get CONNECTING
FNDA:0,get OPEN
FNDA:0,get CLOSING
FNDA:0,get CLOSED
FNDA:0,as_close_event
FNDA:0,as_message_event
FNDA:0,buffered_amount
FNDA:0,event
FNDA:0,is_error
FNDA:0,ready_state
FNDA:0,url
FNDA:0,CWebSocketEvent
FNDA:0,<instance_members_initializer>
FNDA:0,post_message
FNDA:0,terminate
FNDA:0,CBroadcastChannelProtocol
FNDA:0,<instance_members_initializer>
FNDA:0,terminate
FNDA:0,CEventSourceProtocol
FNDA:0,network_query
FNDA:0,network_beacon
FNDA:0,network_fetch
FNDA:43,runtime_available
FNDA:48,is_available
FNDA:6,runtime_event
FNDA:0,storage_clear
FNDA:0,storage_get
FNDA:0,storage_key
FNDA:0,storage_length
FNDA:0,storage_remove
FNDA:0,storage_set
FNDA:0,ui_action
FNDA:0,ui_document
FNDA:0,ui_notify
FNDA:0,ui_screen
FNDA:0,ui_open
FNDA:0,<instance_members_initializer>
FNDA:0,CHtmlComponent
FNDA:0,get shadow_root
FNDA:0,get_css_value
FNDA:0,adoptedCallback
FNDA:0,attributeChangedCallback
FNDA:0,connectedCallback
FNDA:0,connectedMoveCallback
FNDA:0,disconnectedCallback
FNDA:0,refresh
FNDA:0,register_component
FNDA:1,cli_main
FNF:169
FNH:67
BRDA:1,0,0,1
BRDA:179,1,0,2
BRDA:186,2,0,2
BRDA:193,3,0,30
BRDA:201,4,0,7
BRDA:207,5,0,75
BRDA:217,6,0,76
BRDA:218,7,0,0
BRDA:219,8,0,0
BRDA:220,9,0,0
BRDA:230,10,0,116
BRDA:231,11,0,74
BRDA:231,12,0,42
BRDA:247,13,0,7
BRDA:255,14,0,16
BRDA:261,15,0,12
BRDA:267,16,0,6
BRDA:274,17,0,5
BRDA:282,18,0,7
BRDA:284,19,0,3
BRDA:284,20,0,1
BRDA:286,21,0,6
BRDA:288,22,0,5
BRDA:288,23,0,3
BRDA:290,24,0,0
BRDA:296,25,0,1
BRDA:312,26,0,4
BRDA:345,27,0,4
BRDA:356,28,0,0
BRDA:380,29,0,13
BRDA:394,30,0,4
BRDA:407,31,0,1
BRDA:413,32,0,1
BRDA:420,33,0,1
BRDA:428,34,0,1
BRDA:441,35,0,13
BRDA:454,36,0,8
BRDA:475,37,0,3
BRDA:489,38,0,1
BRDA:493,39,0,1
BRDA:505,40,0,1
BRDA:509,41,0,0
BRDA:518,42,0,0
BRDA:528,43,0,6
BRDA:535,44,0,2
BRDA:538,45,0,0
BRDA:553,46,0,3
BRDA:561,47,0,2
BRDA:571,48,0,2
BRDA:572,49,0,2
BRDA:574,50,0,1
BRDA:579,51,0,0
BRDA:603,52,0,4
BRDA:615,53,0,4
BRDA:619,54,0,0
BRDA:633,55,0,1
BRDA:641,56,0,1
BRDA:645,57,0,0
BRDA:662,58,0,4
BRDA:678,59,0,0
BRDA:672,60,0,4
BRDA:691,61,0,0
BRDA:777,62,0,3
BRDA:844,63,0,5
BRDA:851,64,0,3
BRDA:853,65,0,0
BRDA:882,66,0,3
BRDA:901,67,0,3
BRDA:902,68,0,3
BRDA:908,69,0,1
BRDA:905,70,0,2
BRDA:937,71,0,4
BRDA:941,72,0,2
BRDA:960,73,0,5
BRDA:967,74,0,3
BRDA:987,75,0,6
BRDA:1000,76,0,5
BRDA:1645,77,0,0
BRDA:2112,78,0,4
BRDA:2116,79,0,3
BRDA:2117,80,0,2
BRDA:2120,81,0,1
BRDA:2138,82,0,4
BRDA:2142,83,0,3
BRDA:2143,84,0,2
BRDA:2146,85,0,1
BRDA:2186,86,0,493
BRDA:2194,87,0,10
BRDA:2196,88,0,482
BRDA:2198,89,0,20
BRDA:2198,90,0,12
BRDA:2199,91,0,472
BRDA:2200,92,0,431
BRDA:2200,93,0,26
BRDA:2202,94,0,466
BRDA:2204,95,0,26
BRDA:2222,96,0,3
BRDA:2223,97,0,1
BRDA:2226,98,0,0
BRDA:2228,99,0,2
BRDA:2244,100,0,3
BRDA:2245,101,0,1
BRDA:2247,102,0,2
BRDA:2268,103,0,112
BRDA:2273,104,0,107
BRDA:2273,105,0,3
BRDA:2275,106,0,106
BRDA:2277,107,0,5
BRDA:2300,108,0,4
BRDA:2305,109,0,0
BRDA:2309,110,0,0
BRDA:2326,111,0,4
BRDA:2330,112,0,3
BRDA:2331,113,0,0
BRDA:2332,114,0,1
BRDA:2349,115,0,6
BRDA:2353,116,0,5
BRDA:2354,117,0,1
BRDA:2355,118,0,0
BRDA:2400,119,0,20
BRDA:2410,120,0,14
BRDA:2416,121,0,48
BRDA:2422,122,0,14
BRDA:2430,123,0,20
BRDA:2437,124,0,0
BRDA:2474,125,0,6
BRDA:2476,126,0,2
BRDA:2478,127,0,4
BRDA:2487,128,0,2
BRDA:2508,129,0,10
BRDA:2510,130,0,9
BRDA:2515,131,0,8
BRDA:2518,132,0,2
BRDA:2535,133,0,27
BRDA:2540,134,0,1
BRDA:2542,135,0,24
BRDA:2546,136,0,4
BRDA:2548,137,0,20
BRDA:2553,138,0,14
BRDA:2556,139,0,2
BRDA:2557,140,0,5
BRDA:2565,141,0,4
BRDA:2573,142,0,5
BRDA:2583,143,0,10
BRDA:2587,144,0,2
BRDA:2620,145,0,0
BRDA:2665,146,0,0
BRDA:2760,147,0,0
BRDA:2851,148,0,0
BRDA:2899,149,0,0
BRDA:3046,150,0,0
BRDA:3137,151,0,0
BRDA:3708,152,0,43
BRDA:3729,153,0,7
BRDA:3731,154,0,1
BRDA:3733,155,0,1
BRDA:3738,156,0,1
BRDA:3741,157,0,1
BRDA:3743,158,0,2
BRDA:3744,159,0,1
BRDA:3745,160,0,1
BRDA:3746,161,0,1
BRDA:3747,162,0,0
BRDA:3749,163,0,1
BRDA:3751,164,0,2
BRDA:3753,165,0,1
BRDA:3755,166,0,1
BRDA:3757,167,0,1
BRDA:3759,168,0,1
BRDA:3763,169,0,0
BRDA:3767,170,0,0
BRDA:3773,171,0,1
BRDA:3778,172,0,1
BRDA:3782,173,0,1
BRDA:3784,174,0,1
BRDA:3789,175,0,1
BRDA:3790,176,0,0
BRDA:3794,177,0,1
BRDA:3795,178,0,0
BRDA:3798,179,0,1
BRDA:3803,180,0,1
BRDA:3805,181,0,1
BRDA:3810,182,0,1
BRDA:3812,183,0,1
BRDA:3816,184,0,0
BRDA:3819,185,0,1
BRDA:3824,186,0,1
BRDA:3829,187,0,1
BRDA:3831,188,0,1
BRDA:3833,189,0,1
BRDA:3835,190,0,4
BRDA:3837,191,0,1
BRDA:3839,192,0,1
BRDA:3842,193,0,4
BRDA:3717,194,0,48
BRDA:3721,195,0,45
BRDA:3877,196,0,6
BRDA:3889,197,0,4
BRDA:3891,198,0,0
BRDA:3906,199,0,5
BRDA:4980,200,0,0
BRDA:5265,201,0,1
BRDA:5270,202,0,0
BRF:203
BRH:166
DA:1,1
DA:2,1
DA:3,1
DA:4,1
DA:5,1
DA:6,1
DA:7,1
DA:8,1
DA:9,1
DA:10,1
DA:11,1
DA:12,1
DA:13,1
DA:14,1
DA:15,1
DA:16,1
DA:17,1
DA:18,1
DA:19,1
DA:20,1
DA:21,1
DA:22,1
DA:23,1
DA:24,1
DA:25,1
DA:26,1
DA:27,1
DA:28,1
DA:29,1
DA:30,1
DA:31,1
DA:32,1
DA:33,1
DA:34,1
DA:35,1
DA:36,1
DA:37,1
DA:38,1
DA:39,1
DA:40,1
DA:41,1
DA:42,1
DA:43,1
DA:44,1
DA:45,1
DA:46,1
DA:47,1
DA:48,1
DA:49,1
DA:50,1
DA:51,1
DA:52,1
DA:53,1
DA:54,1
DA:55,1
DA:56,1
DA:57,1
DA:58,1
DA:59,1
DA:60,1
DA:61,1
DA:62,1
DA:63,1
DA:64,1
DA:65,1
DA:66,1
DA:67,1
DA:68,1
DA:69,1
DA:70,1
DA:71,1
DA:72,1
DA:73,1
DA:74,1
DA:75,1
DA:76,1
DA:77,1
DA:78,1
DA:79,1
DA:80,1
DA:81,1
DA:82,1
DA:83,1
DA:84,1
DA:85,1
DA:86,1
DA:87,1
DA:88,1
DA:89,1
DA:90,1
DA:91,1
DA:92,1
DA:93,1
DA:94,1
DA:95,1
DA:96,1
DA:97,1
DA:98,1
DA:99,1
DA:100,1
DA:101,1
DA:102,1
DA:103,1
DA:104,1
DA:105,1
DA:106,1
DA:107,1
DA:108,1
DA:109,1
DA:110,1
DA:111,1
DA:112,1
DA:113,1
DA:114,1
DA:115,1
DA:116,1
DA:117,1
DA:118,1
DA:119,1
DA:120,1
DA:121,1
DA:122,1
DA:123,1
DA:124,1
DA:125,1
DA:126,1
DA:127,1
DA:128,1
DA:129,1
DA:130,1
DA:131,1
DA:132,1
DA:133,1
DA:134,1
DA:135,1
DA:136,1
DA:137,1
DA:138,1
DA:139,1
DA:140,1
DA:141,1
DA:142,1
DA:143,1
DA:144,1
DA:145,1
DA:146,1
DA:147,1
DA:148,1
DA:149,1
DA:150,1
DA:151,1
DA:152,1
DA:153,1
DA:154,1
DA:155,1
DA:156,1
DA:157,1
DA:158,1
DA:159,1
DA:160,1
DA:161,1
DA:162,1
DA:163,1
DA:164,1
DA:165,1
DA:166,1
DA:167,1
DA:168,1
DA:169,1
DA:170,1
DA:171,1
DA:172,1
DA:173,1
DA:174,1
DA:175,1
DA:176,1
DA:177,1
DA:178,1
DA:179,1
DA:180,1
DA:181,1
DA:182,1
DA:183,1
DA:184,1
DA:185,1
DA:186,1
DA:187,1
DA:188,1
DA:189,1
DA:190,1
DA:191,1
DA:192,1
DA:193,1
DA:194,1
DA:195,1
DA:196,1
DA:197,1
DA:198,1
DA:199,1
DA:200,1
DA:201,1
DA:202,1
DA:203,1
DA:204,1
DA:205,1
DA:206,1
DA:207,1
DA:208,75
DA:209,75
DA:210,1
DA:211,1
DA:212,1
DA:213,1
DA:214,1
DA:215,1
DA:216,1
DA:217,1
DA:218,76
DA:219,76
DA:220,76
DA:221,76
DA:222,76
DA:223,1
DA:224,1
DA:225,1
DA:226,1
DA:227,1
DA:228,1
DA:229,1
DA:230,1
DA:231,116
DA:232,116
DA:233,116
DA:234,116
DA:235,116
DA:236,116
DA:237,1
DA:238,1
DA:239,1
DA:240,1
DA:241,1
DA:242,1
DA:243,1
DA:244,1
DA:245,1
DA:246,1
DA:247,1
DA:248,7
DA:249,1
DA:250,1
DA:251,1
DA:252,1
DA:253,1
DA:254,1
DA:255,1
DA:256,1
DA:257,1
DA:258,1
DA:259,1
DA:260,1
DA:261,1
DA:262,1
DA:263,1
DA:264,1
DA:265,1
DA:266,1
DA:267,1
DA:268,1
DA:269,1
DA:270,1
DA:271,1
DA:272,1
DA:273,1
DA:274,1
DA:275,1
DA:276,1
DA:277,1
DA:278,1
DA:279,1
DA:280,1
DA:281,1
DA:282,1
DA:283,7
DA:284,7
DA:285,1
DA:286,1
DA:287,6
DA:288,7
DA:289,3
DA:290,3
DA:291,0
DA:292,3
DA:293,3
DA:294,3
DA:295,3
DA:296,7
DA:297,1
DA:298,1
DA:299,1
DA:300,7
DA:301,1
DA:302,1
DA:303,1
DA:304,1
DA:305,1
DA:306,1
DA:307,1
DA:308,1
DA:309,1
DA:310,1
DA:311,1
DA:312,1
DA:313,4
DA:314,4
DA:315,4
DA:316,1
DA:317,1
DA:318,1
DA:319,1
DA:320,1
DA:321,1
DA:322,1
DA:323,1
DA:324,1
DA:325,1
DA:326,1
DA:327,1
DA:328,1
DA:329,1
DA:330,1
DA:331,1
DA:332,1
DA:333,1
DA:334,1
DA:335,1
DA:336,1
DA:337,1
DA:338,1
DA:339,1
DA:340,1
DA:341,1
DA:342,1
DA:343,1
DA:344,1
DA:345,1
DA:346,4
DA:347,4
DA:348,4
DA:349,4
DA:350,4
DA:351,4
DA:352,4
DA:353,4
DA:354,4
DA:355,4
DA:356,4
DA:357,0
DA:358,0
DA:359,0
DA:360,4
DA:361,1
DA:362,1
DA:363,1
DA:364,1
DA:365,1
DA:366,1
DA:367,1
DA:368,1
DA:369,1
DA:370,1
DA:371,1
DA:372,1
DA:373,1
DA:374,1
DA:375,1
DA:376,1
DA:377,1
DA:378,1
DA:379,1
DA:380,1
DA:381,13
DA:382,13
DA:383,13
DA:384,1
DA:385,1
DA:386,1
DA:387,1
DA:388,1
DA:389,1
DA:390,1
DA:391,1
DA:392,1
DA:393,1
DA:394,1
DA:395,4
DA:396,4
DA:397,4
DA:398,4
DA:399,4
DA:400,4
DA:401,4
DA:402,1
DA:403,1
DA:404,1
DA:405,1
DA:406,1
DA:407,1
DA:408,1
DA:409,1
DA:410,1
DA:411,1
DA:412,1
DA:413,1
DA:414,1
DA:415,1
DA:416,1
DA:417,1
DA:418,1
DA:419,1
DA:420,1
DA:421,1
DA:422,1
DA:423,1
DA:424,1
DA:425,1
DA:426,1
DA:427,1
DA:428,1
DA:429,1
DA:430,1
DA:431,1
DA:432,1
DA:433,1
DA:434,1
DA:435,1
DA:436,1
DA:437,1
DA:438,1
DA:439,1
DA:440,1
DA:441,1
DA:442,13
DA:443,13
DA:444,13
DA:445,13
DA:446,13
DA:447,13
DA:448,13
DA:449,13
DA:450,13
DA:451,13
DA:452,13
DA:453,13
DA:454,13
DA:455,8
DA:456,8
DA:457,8
DA:458,13
DA:459,1
DA:460,1
DA:461,1
DA:462,1
DA:463,1
DA:464,1
DA:465,1
DA:466,1
DA:467,1
DA:468,1
DA:469,1
DA:470,1
DA:471,1
DA:472,1
DA:473,1
DA:474,1
DA:475,1
DA:476,3
DA:477,3
DA:478,3
DA:479,3
DA:480,3
DA:481,3
DA:482,3
DA:483,1
DA:484,1
DA:485,1
DA:486,1
DA:487,1
DA:488,1
DA:489,1
DA:490,1
DA:491,1
DA:492,1
DA:493,1
DA:494,1
DA:495,1
DA:496,1
DA:497,1
DA:498,1
DA:499,1
DA:500,1
DA:501,1
DA:502,1
DA:503,1
DA:504,1
DA:505,1
DA:506,1
DA:507,1
DA:508,1
DA:509,1
DA:510,0
DA:511,0
DA:512,0
DA:513,0
DA:514,1
DA:515,1
DA:516,1
DA:517,1
DA:518,1
DA:519,0
DA:520,0
DA:521,0
DA:522,1
DA:523,1
DA:524,1
DA:525,1
DA:526,1
DA:527,1
DA:528,1
DA:529,1
DA:530,1
DA:531,1
DA:532,1
DA:533,1
DA:534,1
DA:535,1
DA:536,2
DA:537,2
DA:538,2
DA:539,0
DA:540,0
DA:541,0
DA:542,2
DA:543,1
DA:544,1
DA:545,1
DA:546,1
DA:547,1
DA:548,1
DA:549,1
DA:550,1
DA:551,1
DA:552,1
DA:553,1
DA:554,3
DA:555,3
DA:556,3
DA:557,3
DA:558,3
DA:559,3
DA:560,3
DA:561,3
DA:562,2
DA:563,2
DA:564,2
DA:565,3
DA:566,1
DA:567,1
DA:568,1
DA:569,1
DA:570,1
DA:571,1
DA:572,2
DA:573,2
DA:574,2
DA:575,1
DA:576,1
DA:577,1
DA:578,1
DA:579,1
DA:580,0
DA:581,0
DA:582,0
DA:583,2
DA:584,2
DA:585,2
DA:586,1
DA:587,1
DA:588,1
DA:589,1
DA:590,1
DA:591,1
DA:592,1
DA:593,1
DA:594,1
DA:595,1
DA:596,1
DA:597,1
DA:598,1
DA:599,1
DA:600,1
DA:601,1
DA:602,1
DA:603,1
DA:604,1
DA:605,1
DA:606,1
DA:607,1
DA:608,1
DA:609,1
DA:610,1
DA:611,1
DA:612,1
DA:613,1
DA:614,1
DA:615,1
DA:616,4
DA:617,4
DA:618,4
DA:619,4
DA:620,0
DA:621,0
DA:622,0
DA:623,4
DA:624,1
DA:625,1
DA:626,1
DA:627,1
DA:628,1
DA:629,1
DA:630,1
DA:631,1
DA:632,1
DA:633,1
DA:634,1
DA:635,1
DA:636,1
DA:637,1
DA:638,1
DA:639,1
DA:640,1
DA:641,1
DA:642,1
DA:643,1
DA:644,1
DA:645,1
DA:646,0
DA:647,0
DA:648,0
DA:649,0
DA:650,0
DA:651,0
DA:652,1
DA:653,1
DA:654,1
DA:655,1
DA:656,1
DA:657,1
DA:658,1
DA:659,1
DA:660,1
DA:661,1
DA:662,1
DA:663,4
DA:664,4
DA:665,4
DA:666,4
DA:667,4
DA:668,4
DA:669,4
DA:670,4
DA:671,4
DA:672,4
DA:673,4
DA:674,4
DA:675,4
DA:676,4
DA:677,4
DA:678,4
DA:679,0
DA:680,0
DA:681,0
DA:682,4
DA:683,1
DA:684,1
DA:685,1
DA:686,1
DA:687,1
DA:688,1
DA:689,1
DA:690,1
DA:691,1
DA:692,0
DA:693,1
DA:694,1
DA:695,1
DA:696,1
DA:697,1
DA:698,1
DA:699,1
DA:700,0
DA:701,0
DA:702,0
DA:703,0
DA:704,1
DA:705,1
DA:706,1
DA:707,1
DA:708,1
DA:709,1
DA:710,0
DA:711,0
DA:712,0
DA:713,0
DA:714,1
DA:715,1
DA:716,1
DA:717,1
DA:718,1
DA:719,1
DA:720,1
DA:721,1
DA:722,1
DA:723,1
DA:724,1
DA:725,1
DA:726,1
DA:727,1
DA:728,1
DA:729,1
DA:730,1
DA:731,1
DA:732,1
DA:733,1
DA:734,1
DA:735,1
DA:736,0
DA:737,0
DA:738,0
DA:739,0
DA:740,0
DA:741,0
DA:742,0
DA:743,0
DA:744,0
DA:745,0
DA:746,0
DA:747,0
DA:748,0
DA:749,0
DA:750,0
DA:751,1
DA:752,1
DA:753,1
DA:754,1
DA:755,1
DA:756,1
DA:757,1
DA:758,1
DA:759,1
DA:760,1
DA:761,1
DA:762,1
DA:763,1
DA:764,1
DA:765,1
DA:766,1
DA:767,1
DA:768,1
DA:769,1
DA:770,1
DA:771,1
DA:772,1
DA:773,1
DA:774,1
DA:775,1
DA:776,1
DA:777,1
DA:778,1
DA:779,1
DA:780,1
DA:781,1
DA:782,1
DA:783,1
DA:784,0
DA:785,0
DA:786,0
DA:787,0
DA:788,0
DA:789,0
DA:790,0
DA:791,0
DA:792,0
DA:793,1
DA:794,1
DA:795,1
DA:796,1
DA:797,1
DA:798,1
DA:799,1
DA:800,1
DA:801,1
DA:802,1
DA:803,1
DA:804,1
DA:805,0
DA:806,0
DA:807,0
DA:808,0
DA:809,0
DA:810,0
DA:811,0
DA:812,0
DA:813,0
DA:814,0
DA:815,1
DA:816,1
DA:817,1
DA:818,1
DA:819,1
DA:820,1
DA:821,0
DA:822,0
DA:823,0
DA:824,0
DA:825,0
DA:826,0
DA:827,0
DA:828,0
DA:829,0
DA:830,0
DA:831,1
DA:832,1
DA:833,1
DA:834,1
DA:835,1
DA:836,1
DA:837,1
DA:838,1
DA:839,1
DA:840,1
DA:841,1
DA:842,1
DA:843,1
DA:844,1
DA:845,5
DA:846,5
DA:847,5
DA:848,5
DA:849,5
DA:850,5
DA:851,5
DA:852,3
DA:853,3
DA:854,0
DA:855,0
DA:856,0
DA:857,0
DA:858,0
DA:859,0
DA:860,0
DA:861,0
DA:862,0
DA:863,0
DA:864,0
DA:865,0
DA:866,0
DA:867,0
DA:868,0
DA:869,0
DA:870,0
DA:871,0
DA:872,0
DA:873,0
DA:874,0
DA:875,0
DA:876,0
DA:877,0
DA:878,0
DA:879,0
DA:880,0
DA:881,0
DA:882,5
DA:883,3
DA:884,3
DA:885,3
DA:886,5
DA:887,1
DA:888,1
DA:889,1
DA:890,1
DA:891,1
DA:892,1
DA:893,1
DA:894,1
DA:895,1
DA:896,1
DA:897,1
DA:898,1
DA:899,1
DA:900,1
DA:901,1
DA:902,3
DA:903,3
DA:904,3
DA:905,3
DA:906,2
DA:907,3
DA:908,3
DA:909,1
DA:910,1
DA:911,1
DA:912,3
DA:913,3
DA:914,1
DA:915,1
DA:916,1
DA:917,1
DA:918,1
DA:919,1
DA:920,1
DA:921,1
DA:922,1
DA:923,1
DA:924,1
DA:925,1
DA:926,1
DA:927,1
DA:928,1
DA:929,1
DA:930,1
DA:931,1
DA:932,1
DA:933,1
DA:934,1
DA:935,1
DA:936,1
DA:937,1
DA:938,4
DA:939,4
DA:940,4
DA:941,4
DA:942,2
DA:943,2
DA:944,2
DA:945,4
DA:946,1
DA:947,1
DA:948,1
DA:949,1
DA:950,1
DA:951,1
DA:952,1
DA:953,1
DA:954,1
DA:955,1
DA:956,1
DA:957,1
DA:958,1
DA:959,1
DA:960,1
DA:961,5
DA:962,5
DA:963,5
DA:964,5
DA:965,5
DA:966,5
DA:967,5
DA:968,3
DA:969,3
DA:970,3
DA:971,5
DA:972,1
DA:973,1
DA:974,1
DA:975,1
DA:976,1
DA:977,1
DA:978,1
DA:979,1
DA:980,1
DA:981,1
DA:982,1
DA:983,1
DA:984,1
DA:985,1
DA:986,1
DA:987,1
DA:988,6
DA:989,6
DA:990,6
DA:991,6
DA:992,6
DA:993,6
DA:994,6
DA:995,6
DA:996,6
DA:997,6
DA:998,6
DA:999,6
DA:1000,6
DA:1001,5
DA:1002,5
DA:1003,5
DA:1004,6
DA:1005,1
DA:1006,1
DA:1007,1
DA:1008,1
DA:1009,1
DA:1010,1
DA:1011,1
DA:1012,1
DA:1013,1
DA:1014,1
DA:1015,1
DA:1016,1
DA:1017,0
DA:1018,0
DA:1019,0
DA:1020,0
DA:1021,0
DA:1022,0
DA:1023,0
DA:1024,0
DA:1025,1
DA:1026,1
DA:1027,1
DA:1028,1
DA:1029,1
DA:1030,1
DA:1031,1
DA:1032,1
DA:1033,0
DA:1034,0
DA:1035,0
DA:1036,0
DA:1037,0
DA:1038,0
DA:1039,0
DA:1040,0
DA:1041,1
DA:1042,1
DA:1043,1
DA:1044,1
DA:1045,1
DA:1046,1
DA:1047,1
DA:1048,1
DA:1049,0
DA:1050,0
DA:1051,0
DA:1052,0
DA:1053,0
DA:1054,0
DA:1055,0
DA:1056,0
DA:1057,1
DA:1058,1
DA:1059,1
DA:1060,1
DA:1061,1
DA:1062,1
DA:1063,1
DA:1064,1
DA:1065,0
DA:1066,0
DA:1067,0
DA:1068,0
DA:1069,0
DA:1070,0
DA:1071,0
DA:1072,0
DA:1073,1
DA:1074,1
DA:1075,1
DA:1076,1
DA:1077,1
DA:1078,1
DA:1079,1
DA:1080,1
DA:1081,0
DA:1082,0
DA:1083,0
DA:1084,0
DA:1085,0
DA:1086,0
DA:1087,0
DA:1088,0
DA:1089,1
DA:1090,1
DA:1091,1
DA:1092,1
DA:1093,1
DA:1094,1
DA:1095,1
DA:1096,1
DA:1097,1
DA:1098,1
DA:1099,1
DA:1100,1
DA:1101,1
DA:1102,1
DA:1103,1
DA:1104,1
DA:1105,1
DA:1106,1
DA:1107,1
DA:1108,1
DA:1109,1
DA:1110,1
DA:1111,1
DA:1112,1
DA:1113,1
DA:1114,1
DA:1115,1
DA:1116,1
DA:1117,1
DA:1118,1
DA:1119,1
DA:1120,1
DA:1121,1
DA:1122,1
DA:1123,1
DA:1124,1
DA:1125,1
DA:1126,1
DA:1127,1
DA:1128,1
DA:1129,1
DA:1130,1
DA:1131,1
DA:1132,1
DA:1133,1
DA:1134,1
DA:1135,1
DA:1136,1
DA:1137,0
DA:1138,0
DA:1139,0
DA:1140,0
DA:1141,0
DA:1142,0
DA:1143,0
DA:1144,0
DA:1145,0
DA:1146,0
DA:1147,0
DA:1148,0
DA:1149,0
DA:1150,0
DA:1151,0
DA:1152,0
DA:1153,0
DA:1154,0
DA:1155,0
DA:1156,0
DA:1157,0
DA:1158,0
DA:1159,0
DA:1160,0
DA:1161,0
DA:1162,0
DA:1163,0
DA:1164,0
DA:1165,0
DA:1166,0
DA:1167,0
DA:1168,0
DA:1169,0
DA:1170,0
DA:1171,0
DA:1172,0
DA:1173,0
DA:1174,0
DA:1175,0
DA:1176,0
DA:1177,0
DA:1178,0
DA:1179,0
DA:1180,0
DA:1181,0
DA:1182,0
DA:1183,0
DA:1184,0
DA:1185,0
DA:1186,0
DA:1187,0
DA:1188,0
DA:1189,0
DA:1190,0
DA:1191,0
DA:1192,0
DA:1193,0
DA:1194,0
DA:1195,0
DA:1196,0
DA:1197,1
DA:1198,1
DA:1199,1
DA:1200,1
DA:1201,1
DA:1202,1
DA:1203,1
DA:1204,1
DA:1205,1
DA:1206,1
DA:1207,1
DA:1208,1
DA:1209,1
DA:1210,1
DA:1211,1
DA:1212,1
DA:1213,1
DA:1214,1
DA:1215,1
DA:1216,1
DA:1217,1
DA:1218,1
DA:1219,0
DA:1220,0
DA:1221,0
DA:1222,0
DA:1223,0
DA:1224,0
DA:1225,0
DA:1226,0
DA:1227,0
DA:1228,0
DA:1229,0
DA:1230,0
DA:1231,0
DA:1232,0
DA:1233,0
DA:1234,0
DA:1235,0
DA:1236,0
DA:1237,0
DA:1238,0
DA:1239,0
DA:1240,0
DA:1241,0
DA:1242,0
DA:1243,0
DA:1244,0
DA:1245,0
DA:1246,0
DA:1247,0
DA:1248,0
DA:1249,0
DA:1250,0
DA:1251,0
DA:1252,0
DA:1253,0
DA:1254,0
DA:1255,0
DA:1256,0
DA:1257,0
DA:1258,0
DA:1259,0
DA:1260,0
DA:1261,0
DA:1262,0
DA:1263,0
DA:1264,0
DA:1265,0
DA:1266,0
DA:1267,0
DA:1268,0
DA:1269,0
DA:1270,0
DA:1271,0
DA:1272,0
DA:1273,0
DA:1274,0
DA:1275,0
DA:1276,0
DA:1277,0
DA:1278,0
DA:1279,0
DA:1280,0
DA:1281,0
DA:1282,0
DA:1283,0
DA:1284,0
DA:1285,0
DA:1286,0
DA:1287,0
DA:1288,0
DA:1289,0
DA:1290,0
DA:1291,0
DA:1292,0
DA:1293,0
DA:1294,1
DA:1295,1
DA:1296,1
DA:1297,1
DA:1298,1
DA:1299,1
DA:1300,1
DA:1301,1
DA:1302,1
DA:1303,1
DA:1304,1
DA:1305,1
DA:1306,1
DA:1307,1
DA:1308,1
DA:1309,1
DA:1310,1
DA:1311,1
DA:1312,1
DA:1313,1
DA:1314,1
DA:1315,1
DA:1316,1
DA:1317,1
DA:1318,1
DA:1319,1
DA:1320,1
DA:1321,1
DA:1322,1
DA:1323,1
DA:1324,1
DA:1325,1
DA:1326,1
DA:1327,1
DA:1328,1
DA:1329,1
DA:1330,1
DA:1331,1
DA:1332,1
DA:1333,1
DA:1334,1
DA:1335,1
DA:1336,1
DA:1337,1
DA:1338,1
DA:1339,1
DA:1340,1
DA:1341,1
DA:1342,1
DA:1343,1
DA:1344,1
DA:1345,1
DA:1346,1
DA:1347,1
DA:1348,1
DA:1349,1
DA:1350,1
DA:1351,1
DA:1352,1
DA:1353,1
DA:1354,1
DA:1355,1
DA:1356,1
DA:1357,1
DA:1358,1
DA:1359,1
DA:1360,1
DA:1361,1
DA:1362,1
DA:1363,1
DA:1364,1
DA:1365,1
DA:1366,1
DA:1367,1
DA:1368,1
DA:1369,1
DA:1370,1
DA:1371,1
DA:1372,1
DA:1373,1
DA:1374,1
DA:1375,1
DA:1376,1
DA:1377,1
DA:1378,1
DA:1379,1
DA:1380,1
DA:1381,1
DA:1382,1
DA:1383,1
DA:1384,1
DA:1385,1
DA:1386,1
DA:1387,1
DA:1388,1
DA:1389,1
DA:1390,1
DA:1391,1
DA:1392,1
DA:1393,1
DA:1394,1
DA:1395,1
DA:1396,1
DA:1397,1
DA:1398,1
DA:1399,1
DA:1400,1
DA:1401,1
DA:1402,1
DA:1403,1
DA:1404,1
DA:1405,1
DA:1406,1
DA:1407,1
DA:1408,1
DA:1409,1
DA:1410,1
DA:1411,1
DA:1412,1
DA:1413,1
DA:1414,1
DA:1415,1
DA:1416,1
DA:1417,1
DA:1418,1
DA:1419,1
DA:1420,1
DA:1421,1
DA:1422,1
DA:1423,1
DA:1424,1
DA:1425,1
DA:1426,1
DA:1427,1
DA:1428,1
DA:1429,1
DA:1430,1
DA:1431,1
DA:1432,1
DA:1433,1
DA:1434,1
DA:1435,1
DA:1436,1
DA:1437,1
DA:1438,1
DA:1439,1
DA:1440,1
DA:1441,1
DA:1442,1
DA:1443,1
DA:1444,1
DA:1445,1
DA:1446,1
DA:1447,1
DA:1448,1
DA:1449,1
DA:1450,1
DA:1451,1
DA:1452,1
DA:1453,1
DA:1454,1
DA:1455,1
DA:1456,1
DA:1457,1
DA:1458,1
DA:1459,1
DA:1460,1
DA:1461,1
DA:1462,1
DA:1463,1
DA:1464,1
DA:1465,1
DA:1466,1
DA:1467,1
DA:1468,1
DA:1469,1
DA:1470,1
DA:1471,1
DA:1472,1
DA:1473,1
DA:1474,1
DA:1475,1
DA:1476,1
DA:1477,1
DA:1478,1
DA:1479,1
DA:1480,1
DA:1481,1
DA:1482,1
DA:1483,1
DA:1484,1
DA:1485,1
DA:1486,1
DA:1487,1
DA:1488,1
DA:1489,1
DA:1490,1
DA:1491,1
DA:1492,1
DA:1493,1
DA:1494,1
DA:1495,1
DA:1496,1
DA:1497,1
DA:1498,1
DA:1499,1
DA:1500,1
DA:1501,1
DA:1502,1
DA:1503,1
DA:1504,1
DA:1505,1
DA:1506,1
DA:1507,1
DA:1508,1
DA:1509,1
DA:1510,1
DA:1511,1
DA:1512,1
DA:1513,1
DA:1514,1
DA:1515,1
DA:1516,1
DA:1517,1
DA:1518,1
DA:1519,1
DA:1520,1
DA:1521,1
DA:1522,1
DA:1523,1
DA:1524,1
DA:1525,1
DA:1526,1
DA:1527,1
DA:1528,1
DA:1529,1
DA:1530,1
DA:1531,1
DA:1532,1
DA:1533,1
DA:1534,1
DA:1535,1
DA:1536,1
DA:1537,1
DA:1538,1
DA:1539,1
DA:1540,1
DA:1541,1
DA:1542,1
DA:1543,1
DA:1544,1
DA:1545,1
DA:1546,1
DA:1547,1
DA:1548,1
DA:1549,1
DA:1550,1
DA:1551,1
DA:1552,1
DA:1553,1
DA:1554,1
DA:1555,1
DA:1556,1
DA:1557,1
DA:1558,1
DA:1559,1
DA:1560,1
DA:1561,1
DA:1562,1
DA:1563,1
DA:1564,1
DA:1565,1
DA:1566,1
DA:1567,1
DA:1568,1
DA:1569,1
DA:1570,1
DA:1571,1
DA:1572,1
DA:1573,1
DA:1574,1
DA:1575,1
DA:1576,1
DA:1577,1
DA:1578,1
DA:1579,1
DA:1580,1
DA:1581,1
DA:1582,1
DA:1583,1
DA:1584,1
DA:1585,1
DA:1586,1
DA:1587,1
DA:1588,1
DA:1589,1
DA:1590,1
DA:1591,1
DA:1592,1
DA:1593,1
DA:1594,1
DA:1595,1
DA:1596,1
DA:1597,1
DA:1598,1
DA:1599,1
DA:1600,1
DA:1601,1
DA:1602,1
DA:1603,1
DA:1604,1
DA:1605,1
DA:1606,1
DA:1607,1
DA:1608,1
DA:1609,1
DA:1610,1
DA:1611,1
DA:1612,1
DA:1613,1
DA:1614,1
DA:1615,1
DA:1616,1
DA:1617,1
DA:1618,1
DA:1619,1
DA:1620,1
DA:1621,1
DA:1622,1
DA:1623,1
DA:1624,1
DA:1625,1
DA:1626,1
DA:1627,1
DA:1628,1
DA:1629,1
DA:1630,1
DA:1631,1
DA:1632,1
DA:1633,1
DA:1634,1
DA:1635,1
DA:1636,1
DA:1637,1
DA:1638,1
DA:1639,1
DA:1640,1
DA:1641,1
DA:1642,1
DA:1643,1
DA:1644,1
DA:1645,1
DA:1646,0
DA:1647,1
DA:1648,1
DA:1649,1
DA:1650,1
DA:1651,1
DA:1652,1
DA:1653,1
DA:1654,1
DA:1655,1
DA:1656,1
DA:1657,1
DA:1658,1
DA:1659,1
DA:1660,1
DA:1661,1
DA:1662,1
DA:1663,1
DA:1664,1
DA:1665,1
DA:1666,1
DA:1667,1
DA:1668,1
DA:1669,1
DA:1670,1
DA:1671,1
DA:1672,1
DA:1673,1
DA:1674,1
DA:1675,1
DA:1676,1
DA:1677,1
DA:1678,1
DA:1679,1
DA:1680,1
DA:1681,1
DA:1682,1
DA:1683,1
DA:1684,1
DA:1685,1
DA:1686,1
DA:1687,1
DA:1688,1
DA:1689,1
DA:1690,1
DA:1691,1
DA:1692,1
DA:1693,1
DA:1694,1
DA:1695,1
DA:1696,1
DA:1697,1
DA:1698,1
DA:1699,1
DA:1700,1
DA:1701,1
DA:1702,1
DA:1703,0
DA:1704,0
DA:1705,0
DA:1706,0
DA:1707,0
DA:1708,0
DA:1709,0
DA:1710,0
DA:1711,0
DA:1712,0
DA:1713,0
DA:1714,0
DA:1715,0
DA:1716,0
DA:1717,0
DA:1718,0
DA:1719,0
DA:1720,0
DA:1721,0
DA:1722,1
DA:1723,1
DA:1724,1
DA:1725,1
DA:1726,1
DA:1727,1
DA:1728,1
DA:1729,1
DA:1730,1
DA:1731,1
DA:1732,1
DA:1733,1
DA:1734,1
DA:1735,1
DA:1736,1
DA:1737,1
DA:1738,1
DA:1739,1
DA:1740,1
DA:1741,1
DA:1742,1
DA:1743,1
DA:1744,1
DA:1745,1
DA:1746,1
DA:1747,1
DA:1748,1
DA:1749,1
DA:1750,1
DA:1751,1
DA:1752,1
DA:1753,1
DA:1754,1
DA:1755,1
DA:1756,1
DA:1757,1
DA:1758,1
DA:1759,1
DA:1760,1
DA:1761,1
DA:1762,1
DA:1763,1
DA:1764,1
DA:1765,1
DA:1766,1
DA:1767,1
DA:1768,1
DA:1769,1
DA:1770,1
DA:1771,1
DA:1772,1
DA:1773,1
DA:1774,1
DA:1775,1
DA:1776,1
DA:1777,1
DA:1778,1
DA:1779,1
DA:1780,1
DA:1781,1
DA:1782,1
DA:1783,1
DA:1784,1
DA:1785,1
DA:1786,1
DA:1787,1
DA:1788,1
DA:1789,1
DA:1790,1
DA:1791,1
DA:1792,1
DA:1793,1
DA:1794,1
DA:1795,1
DA:1796,1
DA:1797,1
DA:1798,1
DA:1799,1
DA:1800,1
DA:1801,1
DA:1802,1
DA:1803,1
DA:1804,1
DA:1805,1
DA:1806,1
DA:1807,1
DA:1808,1
DA:1809,1
DA:1810,1
DA:1811,1
DA:1812,1
DA:1813,1
DA:1814,1
DA:1815,1
DA:1816,1
DA:1817,1
DA:1818,1
DA:1819,1
DA:1820,1
DA:1821,1
DA:1822,1
DA:1823,1
DA:1824,1
DA:1825,1
DA:1826,1
DA:1827,1
DA:1828,1
DA:1829,1
DA:1830,1
DA:1831,1
DA:1832,1
DA:1833,1
DA:1834,1
DA:1835,1
DA:1836,1
DA:1837,1
DA:1838,1
DA:1839,1
DA:1840,1
DA:1841,1
DA:1842,1
DA:1843,1
DA:1844,1
DA:1845,1
DA:1846,1
DA:1847,1
DA:1848,1
DA:1849,1
DA:1850,1
DA:1851,1
DA:1852,1
DA:1853,1
DA:1854,1
DA:1855,1
DA:1856,1
DA:1857,1
DA:1858,1
DA:1859,1
DA:1860,1
DA:1861,1
DA:1862,1
DA:1863,1
DA:1864,1
DA:1865,1
DA:1866,1
DA:1867,1
DA:1868,1
DA:1869,1
DA:1870,1
DA:1871,1
DA:1872,1
DA:1873,1
DA:1874,1
DA:1875,1
DA:1876,1
DA:1877,1
DA:1878,1
DA:1879,1
DA:1880,1
DA:1881,1
DA:1882,1
DA:1883,1
DA:1884,1
DA:1885,1
DA:1886,1
DA:1887,1
DA:1888,1
DA:1889,1
DA:1890,1
DA:1891,1
DA:1892,1
DA:1893,1
DA:1894,1
DA:1895,1
DA:1896,1
DA:1897,1
DA:1898,1
DA:1899,1
DA:1900,1
DA:1901,1
DA:1902,1
DA:1903,1
DA:1904,1
DA:1905,1
DA:1906,1
DA:1907,1
DA:1908,1
DA:1909,1
DA:1910,1
DA:1911,1
DA:1912,1
DA:1913,1
DA:1914,1
DA:1915,1
DA:1916,1
DA:1917,1
DA:1918,1
DA:1919,1
DA:1920,1
DA:1921,1
DA:1922,1
DA:1923,1
DA:1924,1
DA:1925,1
DA:1926,1
DA:1927,1
DA:1928,1
DA:1929,1
DA:1930,1
DA:1931,1
DA:1932,1
DA:1933,1
DA:1934,1
DA:1935,1
DA:1936,1
DA:1937,1
DA:1938,1
DA:1939,1
DA:1940,1
DA:1941,1
DA:1942,1
DA:1943,1
DA:1944,1
DA:1945,1
DA:1946,1
DA:1947,1
DA:1948,1
DA:1949,1
DA:1950,1
DA:1951,1
DA:1952,1
DA:1953,1
DA:1954,1
DA:1955,1
DA:1956,1
DA:1957,1
DA:1958,1
DA:1959,1
DA:1960,1
DA:1961,1
DA:1962,1
DA:1963,1
DA:1964,1
DA:1965,1
DA:1966,1
DA:1967,1
DA:1968,1
DA:1969,1
DA:1970,1
DA:1971,1
DA:1972,1
DA:1973,1
DA:1974,1
DA:1975,1
DA:1976,1
DA:1977,1
DA:1978,1
DA:1979,1
DA:1980,1
DA:1981,1
DA:1982,1
DA:1983,1
DA:1984,1
DA:1985,1
DA:1986,1
DA:1987,1
DA:1988,1
DA:1989,1
DA:1990,1
DA:1991,1
DA:1992,1
DA:1993,1
DA:1994,1
DA:1995,1
DA:1996,1
DA:1997,1
DA:1998,1
DA:1999,1
DA:2000,1
DA:2001,1
DA:2002,1
DA:2003,1
DA:2004,1
DA:2005,1
DA:2006,1
DA:2007,1
DA:2008,1
DA:2009,1
DA:2010,1
DA:2011,1
DA:2012,1
DA:2013,1
DA:2014,1
DA:2015,1
DA:2016,1
DA:2017,1
DA:2018,1
DA:2019,1
DA:2020,1
DA:2021,1
DA:2022,1
DA:2023,1
DA:2024,1
DA:2025,1
DA:2026,1
DA:2027,1
DA:2028,1
DA:2029,1
DA:2030,1
DA:2031,1
DA:2032,1
DA:2033,1
DA:2034,1
DA:2035,1
DA:2036,1
DA:2037,1
DA:2038,1
DA:2039,1
DA:2040,1
DA:2041,1
DA:2042,1
DA:2043,1
DA:2044,1
DA:2045,1
DA:2046,1
DA:2047,1
DA:2048,1
DA:2049,1
DA:2050,1
DA:2051,1
DA:2052,1
DA:2053,1
DA:2054,1
DA:2055,1
DA:2056,1
DA:2057,1
DA:2058,1
DA:2059,1
DA:2060,1
DA:2061,1
DA:2062,1
DA:2063,1
DA:2064,1
DA:2065,1
DA:2066,1
DA:2067,1
DA:2068,1
DA:2069,1
DA:2070,1
DA:2071,1
DA:2072,1
DA:2073,1
DA:2074,1
DA:2075,1
DA:2076,1
DA:2077,1
DA:2078,1
DA:2079,1
DA:2080,1
DA:2081,1
DA:2082,1
DA:2083,1
DA:2084,1
DA:2085,1
DA:2086,1
DA:2087,1
DA:2088,1
DA:2089,1
DA:2090,1
DA:2091,1
DA:2092,1
DA:2093,1
DA:2094,1
DA:2095,1
DA:2096,1
DA:2097,1
DA:2098,1
DA:2099,1
DA:2100,1
DA:2101,1
DA:2102,1
DA:2103,1
DA:2104,1
DA:2105,1
DA:2106,1
DA:2107,1
DA:2108,1
DA:2109,1
DA:2110,1
DA:2111,1
DA:2112,1
DA:2113,4
DA:2114,4
DA:2115,4
DA:2116,4
DA:2117,3
DA:2118,2
DA:2119,2
DA:2120,2
DA:2121,1
DA:2122,1
DA:2123,4
DA:2124,1
DA:2125,1
DA:2126,1
DA:2127,1
DA:2128,1
DA:2129,1
DA:2130,1
DA:2131,1
DA:2132,1
DA:2133,1
DA:2134,1
DA:2135,1
DA:2136,1
DA:2137,1
DA:2138,1
DA:2139,4
DA:2140,4
DA:2141,4
DA:2142,4
DA:2143,3
DA:2144,2
DA:2145,2
DA:2146,2
DA:2147,1
DA:2148,1
DA:2149,4
DA:2150,1
DA:2151,1
DA:2152,1
DA:2153,1
DA:2154,1
DA:2155,1
DA:2156,1
DA:2157,1
DA:2158,1
DA:2159,1
DA:2160,1
DA:2161,1
DA:2162,1
DA:2163,1
DA:2164,1
DA:2165,1
DA:2166,1
DA:2167,1
DA:2168,1
DA:2169,1
DA:2170,1
DA:2171,1
DA:2172,1
DA:2173,1
DA:2174,1
DA:2175,1
DA:2176,1
DA:2177,1
DA:2178,1
DA:2179,1
DA:2180,1
DA:2181,1
DA:2182,1
DA:2183,1
DA:2184,1
DA:2185,1
DA:2186,1
DA:2187,493
DA:2188,493
DA:2189,493
DA:2190,493
DA:2191,493
DA:2192,493
DA:2193,493
DA:2194,493
DA:2195,493
DA:2196,493
DA:2197,493
DA:2198,493
DA:2199,493
DA:2200,493
DA:2201,26
DA:2202,26
DA:2203,466
DA:2204,493
DA:2205,26
DA:2206,26
DA:2207,26
DA:2208,493
DA:2209,1
DA:2210,1
DA:2211,1
DA:2212,1
DA:2213,1
DA:2214,1
DA:2215,1
DA:2216,1
DA:2217,1
DA:2218,1
DA:2219,1
DA:2220,1
DA:2221,1
DA:2222,1
DA:2223,3
DA:2224,1
DA:2225,1
DA:2226,1
DA:2227,1
DA:2228,1
DA:2229,2
DA:2230,3
DA:2231,1
DA:2232,1
DA:2233,1
DA:2234,1
DA:2235,1
DA:2236,1
DA:2237,1
DA:2238,1
DA:2239,1
DA:2240,1
DA:2241,1
DA:2242,1
DA:2243,1
DA:2244,1
DA:2245,3
DA:2246,1
DA:2247,1
DA:2248,2
DA:2249,3
DA:2250,1
DA:2251,1
DA:2252,1
DA:2253,1
DA:2254,1
DA:2255,1
DA:2256,1
DA:2257,1
DA:2258,1
DA:2259,1
DA:2260,1
DA:2261,1
DA:2262,1
DA:2263,1
DA:2264,1
DA:2265,1
DA:2266,1
DA:2267,1
DA:2268,1
DA:2269,112
DA:2270,112
DA:2271,112
DA:2272,112
DA:2273,112
DA:2274,3
DA:2275,3
DA:2276,106
DA:2277,112
DA:2278,5
DA:2279,5
DA:2280,5
DA:2281,112
DA:2282,1
DA:2283,1
DA:2284,1
DA:2285,1
DA:2286,1
DA:2287,1
DA:2288,1
DA:2289,1
DA:2290,1
DA:2291,1
DA:2292,1
DA:2293,1
DA:2294,1
DA:2295,1
DA:2296,1
DA:2297,1
DA:2298,1
DA:2299,1
DA:2300,1
DA:2301,4
DA:2302,4
DA:2303,4
DA:2304,4
DA:2305,4
DA:2306,0
DA:2307,0
DA:2308,4
DA:2309,4
DA:2310,0
DA:2311,0
DA:2312,0
DA:2313,4
DA:2314,1
DA:2315,1
DA:2316,1
DA:2317,1
DA:2318,1
DA:2319,1
DA:2320,1
DA:2321,1
DA:2322,1
DA:2323,1
DA:2324,1
DA:2325,1
DA:2326,1
DA:2327,4
DA:2328,4
DA:2329,4
DA:2330,4
DA:2331,4
DA:2332,4
DA:2333,1
DA:2334,1
DA:2335,4
DA:2336,1
DA:2337,1
DA:2338,1
DA:2339,1
DA:2340,1
DA:2341,1
DA:2342,1
DA:2343,1
DA:2344,1
DA:2345,1
DA:2346,1
DA:2347,1
DA:2348,1
DA:2349,1
DA:2350,6
DA:2351,6
DA:2352,6
DA:2353,6
DA:2354,6
DA:2355,6
DA:2356,0
DA:2357,0
DA:2358,6
DA:2359,1
DA:2360,1
DA:2361,1
DA:2362,1
DA:2363,1
DA:2364,1
DA:2365,1
DA:2366,1
DA:2367,1
DA:2368,1
DA:2369,1
DA:2370,1
DA:2371,1
DA:2372,1
DA:2373,1
DA:2374,1
DA:2375,1
DA:2376,1
DA:2377,1
DA:2378,1
DA:2379,1
DA:2380,1
DA:2381,1
DA:2382,1
DA:2383,1
DA:2384,1
DA:2385,1
DA:2386,1
DA:2387,1
DA:2388,1
DA:2389,1
DA:2390,1
DA:2391,1
DA:2392,1
DA:2393,1
DA:2394,1
DA:2395,1
DA:2396,1
DA:2397,1
DA:2398,1
DA:2399,1
DA:2400,1
DA:2401,20
DA:2402,20
DA:2403,20
DA:2404,1
DA:2405,1
DA:2406,1
DA:2407,1
DA:2408,1
DA:2409,1
DA:2410,1
DA:2411,1
DA:2412,1
DA:2413,1
DA:2414,1
DA:2415,1
DA:2416,1
DA:2417,1
DA:2418,1
DA:2419,1
DA:2420,1
DA:2421,1
DA:2422,1
DA:2423,1
DA:2424,1
DA:2425,1
DA:2426,1
DA:2427,1
DA:2428,1
DA:2429,1
DA:2430,1
DA:2431,20
DA:2432,20
DA:2433,20
DA:2434,20
DA:2435,20
DA:2436,20
DA:2437,20
DA:2438,0
DA:2439,0
DA:2440,0
DA:2441,20
DA:2442,1
DA:2443,1
DA:2444,1
DA:2445,1
DA:2446,1
DA:2447,1
DA:2448,1
DA:2449,1
DA:2450,1
DA:2451,1
DA:2452,1
DA:2453,1
DA:2454,1
DA:2455,1
DA:2456,1
DA:2457,1
DA:2458,1
DA:2459,1
DA:2460,1
DA:2461,1
DA:2462,1
DA:2463,1
DA:2464,1
DA:2465,1
DA:2466,1
DA:2467,1
DA:2468,1
DA:2469,1
DA:2470,1
DA:2471,1
DA:2472,1
DA:2473,1
DA:2474,1
DA:2475,6
DA:2476,6
DA:2477,2
DA:2478,6
DA:2479,4
DA:2480,4
DA:2481,4
DA:2482,4
DA:2483,4
DA:2484,4
DA:2485,4
DA:2486,4
DA:2487,6
DA:2488,2
DA:2489,2
DA:2490,2
DA:2491,6
DA:2492,1
DA:2493,1
DA:2494,1
DA:2495,1
DA:2496,1
DA:2497,1
DA:2498,1
DA:2499,1
DA:2500,1
DA:2501,1
DA:2502,1
DA:2503,1
DA:2504,1
DA:2505,1
DA:2506,1
DA:2507,1
DA:2508,1
DA:2509,10
DA:2510,10
DA:2511,9
DA:2512,9
DA:2513,9
DA:2514,9
DA:2515,9
DA:2516,8
DA:2517,8
DA:2518,10
DA:2519,2
DA:2520,2
DA:2521,2
DA:2522,10
DA:2523,1
DA:2524,1
DA:2525,1
DA:2526,1
DA:2527,1
DA:2528,1
DA:2529,1
DA:2530,1
DA:2531,1
DA:2532,1
DA:2533,1
DA:2534,1
DA:2535,1
DA:2536,27
DA:2537,27
DA:2538,27
DA:2539,27
DA:2540,27
DA:2541,1
DA:2542,1
DA:2543,24
DA:2544,24
DA:2545,24
DA:2546,27
DA:2547,4
DA:2548,4
DA:2549,20
DA:2550,20
DA:2551,20
DA:2552,20
DA:2553,27
DA:2554,14
DA:2555,14
DA:2556,14
DA:2557,14
DA:2558,5
DA:2559,5
DA:2560,5
DA:2561,5
DA:2562,5
DA:2563,5
DA:2564,5
DA:2565,14
DA:2566,4
DA:2567,4
DA:2568,4
DA:2569,4
DA:2570,4
DA:2571,4
DA:2572,4
DA:2573,14
DA:2574,5
DA:2575,5
DA:2576,5
DA:2577,5
DA:2578,5
DA:2579,5
DA:2580,5
DA:2581,14
DA:2582,14
DA:2583,14
DA:2584,10
DA:2585,10
DA:2586,14
DA:2587,27
DA:2588,2
DA:2589,2
DA:2590,2
DA:2591,27
DA:2592,1
DA:2593,1
DA:2594,1
DA:2595,1
DA:2596,1
DA:2597,1
DA:2598,1
DA:2599,1
DA:2600,1
DA:2601,1
DA:2602,1
DA:2603,1
DA:2604,1
DA:2605,1
DA:2606,1
DA:2607,1
DA:2608,1
DA:2609,1
DA:2610,1
DA:2611,1
DA:2612,1
DA:2613,1
DA:2614,1
DA:2615,1
DA:2616,1
DA:2617,1
DA:2618,1
DA:2619,1
DA:2620,1
DA:2621,0
DA:2622,1
DA:2623,1
DA:2624,1
DA:2625,1
DA:2626,1
DA:2627,1
DA:2628,1
DA:2629,1
DA:2630,1
DA:2631,1
DA:2632,1
DA:2633,1
DA:2634,1
DA:2635,1
DA:2636,1
DA:2637,1
DA:2638,1
DA:2639,1
DA:2640,1
DA:2641,1
DA:2642,1
DA:2643,1
DA:2644,0
DA:2645,0
DA:2646,0
DA:2647,0
DA:2648,0
DA:2649,0
DA:2650,0
DA:2651,0
DA:2652,0
DA:2653,0
DA:2654,0
DA:2655,0
DA:2656,1
DA:2657,1
DA:2658,1
DA:2659,1
DA:2660,1
DA:2661,1
DA:2662,1
DA:2663,1
DA:2664,1
DA:2665,1
DA:2666,0
DA:2667,0
DA:2668,0
DA:2669,1
DA:2670,1
DA:2671,1
DA:2672,1
DA:2673,1
DA:2674,1
DA:2675,1
DA:2676,1
DA:2677,1
DA:2678,1
DA:2679,1
DA:2680,1
DA:2681,1
DA:2682,1
DA:2683,1
DA:2684,1
DA:2685,1
DA:2686,1
DA:2687,1
DA:2688,1
DA:2689,1
DA:2690,1
DA:2691,1
DA:2692,1
DA:2693,1
DA:2694,1
DA:2695,1
DA:2696,1
DA:2697,0
DA:2698,0
DA:2699,0
DA:2700,0
DA:2701,1
DA:2702,1
DA:2703,1
DA:2704,1
DA:2705,1
DA:2706,1
DA:2707,1
DA:2708,1
DA:2709,1
DA:2710,1
DA:2711,1
DA:2712,1
DA:2713,1
DA:2714,1
DA:2715,1
DA:2716,1
DA:2717,1
DA:2718,1
DA:2719,1
DA:2720,1
DA:2721,1
DA:2722,1
DA:2723,1
DA:2724,1
DA:2725,1
DA:2726,1
DA:2727,1
DA:2728,1
DA:2729,1
DA:2730,0
DA:2731,0
DA:2732,0
DA:2733,0
DA:2734,0
DA:2735,0
DA:2736,0
DA:2737,0
DA:2738,0
DA:2739,0
DA:2740,0
DA:2741,0
DA:2742,0
DA:2743,0
DA:2744,0
DA:2745,0
DA:2746,0
DA:2747,0
DA:2748,0
DA:2749,0
DA:2750,0
DA:2751,1
DA:2752,1
DA:2753,1
DA:2754,1
DA:2755,1
DA:2756,1
DA:2757,1
DA:2758,1
DA:2759,1
DA:2760,1
DA:2761,0
DA:2762,1
DA:2763,1
DA:2764,1
DA:2765,1
DA:2766,1
DA:2767,1
DA:2768,1
DA:2769,1
DA:2770,0
DA:2771,0
DA:2772,0
DA:2773,0
DA:2774,1
DA:2775,1
DA:2776,1
DA:2777,1
DA:2778,1
DA:2779,1
DA:2780,0
DA:2781,0
DA:2782,0
DA:2783,0
DA:2784,1
DA:2785,1
DA:2786,1
DA:2787,1
DA:2788,1
DA:2789,1
DA:2790,1
DA:2791,0
DA:2792,0
DA:2793,0
DA:2794,0
DA:2795,1
DA:2796,1
DA:2797,1
DA:2798,1
DA:2799,1
DA:2800,1
DA:2801,1
DA:2802,0
DA:2803,0
DA:2804,0
DA:2805,0
DA:2806,1
DA:2807,1
DA:2808,1
DA:2809,1
DA:2810,1
DA:2811,1
DA:2812,1
DA:2813,0
DA:2814,0
DA:2815,0
DA:2816,0
DA:2817,1
DA:2818,1
DA:2819,1
DA:2820,1
DA:2821,1
DA:2822,1
DA:2823,1
DA:2824,1
DA:2825,1
DA:2826,1
DA:2827,1
DA:2828,1
DA:2829,1
DA:2830,1
DA:2831,1
DA:2832,1
DA:2833,0
DA:2834,0
DA:2835,0
DA:2836,0
DA:2837,0
DA:2838,0
DA:2839,0
DA:2840,0
DA:2841,0
DA:2842,1
DA:2843,1
DA:2844,1
DA:2845,1
DA:2846,1
DA:2847,1
DA:2848,1
DA:2849,1
DA:2850,1
DA:2851,1
DA:2852,0
DA:2853,1
DA:2854,1
DA:2855,1
DA:2856,1
DA:2857,1
DA:2858,1
DA:2859,1
DA:2860,1
DA:2861,1
DA:2862,1
DA:2863,1
DA:2864,1
DA:2865,1
DA:2866,1
DA:2867,1
DA:2868,1
DA:2869,1
DA:2870,1
DA:2871,1
DA:2872,1
DA:2873,1
DA:2874,1
DA:2875,1
DA:2876,1
DA:2877,0
DA:2878,0
DA:2879,0
DA:2880,0
DA:2881,0
DA:2882,0
DA:2883,0
DA:2884,0
DA:2885,0
DA:2886,0
DA:2887,0
DA:2888,0
DA:2889,0
DA:2890,0
DA:2891,1
DA:2892,1
DA:2893,1
DA:2894,1
DA:2895,1
DA:2896,1
DA:2897,1
DA:2898,1
DA:2899,1
DA:2900,0
DA:2901,0
DA:2902,0
DA:2903,0
DA:2904,0
DA:2905,0
DA:2906,0
DA:2907,1
DA:2908,1
DA:2909,1
DA:2910,1
DA:2911,1
DA:2912,1
DA:2913,1
DA:2914,1
DA:2915,1
DA:2916,1
DA:2917,1
DA:2918,1
DA:2919,1
DA:2920,1
DA:2921,1
DA:2922,1
DA:2923,1
DA:2924,1
DA:2925,1
DA:2926,1
DA:2927,1
DA:2928,1
DA:2929,1
DA:2930,1
DA:2931,1
DA:2932,1
DA:2933,1
DA:2934,1
DA:2935,1
DA:2936,1
DA:2937,1
DA:2938,1
DA:2939,1
DA:2940,1
DA:2941,1
DA:2942,0
DA:2943,0
DA:2944,0
DA:2945,0
DA:2946,1
DA:2947,1
DA:2948,1
DA:2949,1
DA:2950,1
DA:2951,1
DA:2952,0
DA:2953,0
DA:2954,0
DA:2955,0
DA:2956,1
DA:2957,1
DA:2958,1
DA:2959,1
DA:2960,1
DA:2961,1
DA:2962,1
DA:2963,1
DA:2964,1
DA:2965,1
DA:2966,1
DA:2967,1
DA:2968,1
DA:2969,1
DA:2970,1
DA:2971,1
DA:2972,1
DA:2973,1
DA:2974,1
DA:2975,1
DA:2976,1
DA:2977,1
DA:2978,1
DA:2979,1
DA:2980,1
DA:2981,1
DA:2982,1
DA:2983,1
DA:2984,1
DA:2985,1
DA:2986,1
DA:2987,1
DA:2988,1
DA:2989,1
DA:2990,1
DA:2991,1
DA:2992,1
DA:2993,1
DA:2994,1
DA:2995,1
DA:2996,1
DA:2997,1
DA:2998,1
DA:2999,1
DA:3000,1
DA:3001,0
DA:3002,0
DA:3003,0
DA:3004,0
DA:3005,0
DA:3006,0
DA:3007,0
DA:3008,0
DA:3009,0
DA:3010,0
DA:3011,0
DA:3012,0
DA:3013,0
DA:3014,0
DA:3015,0
DA:3016,0
DA:3017,0
DA:3018,0
DA:3019,0
DA:3020,0
DA:3021,0
DA:3022,0
DA:3023,0
DA:3024,0
DA:3025,0
DA:3026,0
DA:3027,0
DA:3028,0
DA:3029,0
DA:3030,0
DA:3031,1
DA:3032,1
DA:3033,1
DA:3034,1
DA:3035,1
DA:3036,1
DA:3037,1
DA:3038,1
DA:3039,1
DA:3040,1
DA:3041,1
DA:3042,1
DA:3043,1
DA:3044,1
DA:3045,1
DA:3046,1
DA:3047,1
DA:3048,1
DA:3049,1
DA:3050,1
DA:3051,1
DA:3052,1
DA:3053,1
DA:3054,1
DA:3055,1
DA:3056,1
DA:3057,1
DA:3058,1
DA:3059,1
DA:3060,1
DA:3061,0
DA:3062,0
DA:3063,0
DA:3064,0
DA:3065,0
DA:3066,0
DA:3067,0
DA:3068,0
DA:3069,0
DA:3070,0
DA:3071,1
DA:3072,1
DA:3073,1
DA:3074,1
DA:3075,1
DA:3076,1
DA:3077,0
DA:3078,0
DA:3079,0
DA:3080,0
DA:3081,0
DA:3082,0
DA:3083,0
DA:3084,0
DA:3085,0
DA:3086,0
DA:3087,1
DA:3088,1
DA:3089,1
DA:3090,1
DA:3091,1
DA:3092,1
DA:3093,1
DA:3094,1
DA:3095,1
DA:3096,1
DA:3097,0
DA:3098,0
DA:3099,0
DA:3100,0
DA:3101,0
DA:3102,0
DA:3103,0
DA:3104,0
DA:3105,0
DA:3106,0
DA:3107,0
DA:3108,0
DA:3109,0
DA:3110,0
DA:3111,0
DA:3112,0
DA:3113,0
DA:3114,0
DA:3115,0
DA:3116,0
DA:3117,0
DA:3118,0
DA:3119,0
DA:3120,0
DA:3121,0
DA:3122,0
DA:3123,0
DA:3124,0
DA:3125,0
DA:3126,1
DA:3127,1
DA:3128,1
DA:3129,1
DA:3130,1
DA:3131,1
DA:3132,1
DA:3133,1
DA:3134,1
DA:3135,1
DA:3136,1
DA:3137,1
DA:3138,1
DA:3139,1
DA:3140,1
DA:3141,1
DA:3142,1
DA:3143,1
DA:3144,0
DA:3145,0
DA:3146,0
DA:3147,0
DA:3148,0
DA:3149,0
DA:3150,0
DA:3151,0
DA:3152,0
DA:3153,0
DA:3154,1
DA:3155,1
DA:3156,1
DA:3157,1
DA:3158,1
DA:3159,1
DA:3160,1
DA:3161,1
DA:3162,1
DA:3163,1
DA:3164,1
DA:3165,1
DA:3166,0
DA:3167,0
DA:3168,0
DA:3169,0
DA:3170,0
DA:3171,0
DA:3172,0
DA:3173,0
DA:3174,0
DA:3175,0
DA:3176,0
DA:3177,0
DA:3178,0
DA:3179,0
DA:3180,0
DA:3181,0
DA:3182,0
DA:3183,0
DA:3184,0
DA:3185,0
DA:3186,0
DA:3187,0
DA:3188,0
DA:3189,0
DA:3190,0
DA:3191,0
DA:3192,0
DA:3193,0
DA:3194,0
DA:3195,0
DA:3196,0
DA:3197,0
DA:3198,0
DA:3199,0
DA:3200,0
DA:3201,0
DA:3202,0
DA:3203,0
DA:3204,0
DA:3205,0
DA:3206,0
DA:3207,0
DA:3208,0
DA:3209,0
DA:3210,0
DA:3211,0
DA:3212,0
DA:3213,0
DA:3214,0
DA:3215,0
DA:3216,0
DA:3217,0
DA:3218,0
DA:3219,0
DA:3220,0
DA:3221,0
DA:3222,1
DA:3223,1
DA:3224,1
DA:3225,1
DA:3226,1
DA:3227,1
DA:3228,1
DA:3229,1
DA:3230,1
DA:3231,1
DA:3232,1
DA:3233,1
DA:3234,1
DA:3235,1
DA:3236,1
DA:3237,1
DA:3238,1
DA:3239,1
DA:3240,1
DA:3241,1
DA:3242,1
DA:3243,1
DA:3244,1
DA:3245,1
DA:3246,1
DA:3247,1
DA:3248,1
DA:3249,1
DA:3250,1
DA:3251,1
DA:3252,1
DA:3253,1
DA:3254,1
DA:3255,1
DA:3256,1
DA:3257,1
DA:3258,1
DA:3259,1
DA:3260,1
DA:3261,1
DA:3262,1
DA:3263,1
DA:3264,1
DA:3265,1
DA:3266,1
DA:3267,1
DA:3268,1
DA:3269,1
DA:3270,1
DA:3271,1
DA:3272,1
DA:3273,1
DA:3274,1
DA:3275,1
DA:3276,1
DA:3277,1
DA:3278,1
DA:3279,1
DA:3280,1
DA:3281,1
DA:3282,1
DA:3283,1
DA:3284,1
DA:3285,1
DA:3286,1
DA:3287,1
DA:3288,1
DA:3289,1
DA:3290,1
DA:3291,1
DA:3292,1
DA:3293,1
DA:3294,1
DA:3295,1
DA:3296,1
DA:3297,1
DA:3298,1
DA:3299,1
DA:3300,1
DA:3301,1
DA:3302,1
DA:3303,1
DA:3304,1
DA:3305,1
DA:3306,1
DA:3307,1
DA:3308,1
DA:3309,1
DA:3310,1
DA:3311,1
DA:3312,1
DA:3313,1
DA:3314,1
DA:3315,1
DA:3316,1
DA:3317,1
DA:3318,1
DA:3319,1
DA:3320,1
DA:3321,1
DA:3322,1
DA:3323,1
DA:3324,1
DA:3325,1
DA:3326,1
DA:3327,1
DA:3328,1
DA:3329,1
DA:3330,1
DA:3331,1
DA:3332,1
DA:3333,1
DA:3334,1
DA:3335,1
DA:3336,1
DA:3337,1
DA:3338,1
DA:3339,1
DA:3340,1
DA:3341,1
DA:3342,1
DA:3343,1
DA:3344,1
DA:3345,1
DA:3346,1
DA:3347,1
DA:3348,1
DA:3349,1
DA:3350,1
DA:3351,1
DA:3352,1
DA:3353,1
DA:3354,1
DA:3355,1
DA:3356,1
DA:3357,1
DA:3358,1
DA:3359,1
DA:3360,1
DA:3361,1
DA:3362,1
DA:3363,1
DA:3364,1
DA:3365,1
DA:3366,1
DA:3367,1
DA:3368,1
DA:3369,1
DA:3370,1
DA:3371,1
DA:3372,1
DA:3373,1
DA:3374,1
DA:3375,1
DA:3376,1
DA:3377,1
DA:3378,1
DA:3379,1
DA:3380,1
DA:3381,1
DA:3382,1
DA:3383,1
DA:3384,1
DA:3385,1
DA:3386,1
DA:3387,1
DA:3388,0
DA:3389,0
DA:3390,0
DA:3391,0
DA:3392,0
DA:3393,0
DA:3394,0
DA:3395,0
DA:3396,0
DA:3397,0
DA:3398,0
DA:3399,0
DA:3400,0
DA:3401,0
DA:3402,0
DA:3403,0
DA:3404,0
DA:3405,0
DA:3406,0
DA:3407,0
DA:3408,0
DA:3409,0
DA:3410,0
DA:3411,0
DA:3412,0
DA:3413,0
DA:3414,1
DA:3415,1
DA:3416,1
DA:3417,1
DA:3418,1
DA:3419,1
DA:3420,1
DA:3421,1
DA:3422,1
DA:3423,1
DA:3424,1
DA:3425,1
DA:3426,1
DA:3427,0
DA:3428,0
DA:3429,0
DA:3430,0
DA:3431,0
DA:3432,0
DA:3433,0
DA:3434,0
DA:3435,0
DA:3436,0
DA:3437,0
DA:3438,0
DA:3439,0
DA:3440,1
DA:3441,1
DA:3442,1
DA:3443,1
DA:3444,1
DA:3445,1
DA:3446,1
DA:3447,1
DA:3448,1
DA:3449,1
DA:3450,1
DA:3451,1
DA:3452,1
DA:3453,1
DA:3454,1
DA:3455,0
DA:3456,0
DA:3457,0
DA:3458,0
DA:3459,0
DA:3460,0
DA:3461,0
DA:3462,0
DA:3463,0
DA:3464,0
DA:3465,0
DA:3466,0
DA:3467,0
DA:3468,0
DA:3469,0
DA:3470,0
DA:3471,0
DA:3472,0
DA:3473,0
DA:3474,0
DA:3475,0
DA:3476,0
DA:3477,0
DA:3478,0
DA:3479,1
DA:3480,1
DA:3481,1
DA:3482,1
DA:3483,1
DA:3484,1
DA:3485,1
DA:3486,1
DA:3487,1
DA:3488,1
DA:3489,1
DA:3490,1
DA:3491,1
DA:3492,1
DA:3493,1
DA:3494,1
DA:3495,1
DA:3496,1
DA:3497,1
DA:3498,1
DA:3499,1
DA:3500,1
DA:3501,1
DA:3502,1
DA:3503,1
DA:3504,1
DA:3505,1
DA:3506,1
DA:3507,1
DA:3508,1
DA:3509,1
DA:3510,1
DA:3511,1
DA:3512,1
DA:3513,1
DA:3514,1
DA:3515,1
DA:3516,1
DA:3517,1
DA:3518,1
DA:3519,1
DA:3520,1
DA:3521,1
DA:3522,1
DA:3523,1
DA:3524,1
DA:3525,1
DA:3526,1
DA:3527,1
DA:3528,1
DA:3529,1
DA:3530,1
DA:3531,1
DA:3532,1
DA:3533,1
DA:3534,1
DA:3535,1
DA:3536,1
DA:3537,1
DA:3538,1
DA:3539,1
DA:3540,1
DA:3541,1
DA:3542,1
DA:3543,1
DA:3544,1
DA:3545,1
DA:3546,1
DA:3547,1
DA:3548,1
DA:3549,1
DA:3550,1
DA:3551,1
DA:3552,1
DA:3553,1
DA:3554,1
DA:3555,1
DA:3556,1
DA:3557,1
DA:3558,1
DA:3559,1
DA:3560,1
DA:3561,1
DA:3562,1
DA:3563,1
DA:3564,1
DA:3565,1
DA:3566,1
DA:3567,1
DA:3568,1
DA:3569,1
DA:3570,1
DA:3571,1
DA:3572,1
DA:3573,1
DA:3574,1
DA:3575,1
DA:3576,1
DA:3577,1
DA:3578,1
DA:3579,1
DA:3580,1
DA:3581,1
DA:3582,1
DA:3583,1
DA:3584,1
DA:3585,1
DA:3586,1
DA:3587,1
DA:3588,1
DA:3589,1
DA:3590,1
DA:3591,1
DA:3592,1
DA:3593,1
DA:3594,1
DA:3595,1
DA:3596,1
DA:3597,1
DA:3598,1
DA:3599,1
DA:3600,1
DA:3601,1
DA:3602,1
DA:3603,1
DA:3604,1
DA:3605,1
DA:3606,1
DA:3607,1
DA:3608,1
DA:3609,1
DA:3610,1
DA:3611,1
DA:3612,1
DA:3613,1
DA:3614,1
DA:3615,1
DA:3616,1
DA:3617,1
DA:3618,1
DA:3619,1
DA:3620,1
DA:3621,1
DA:3622,1
DA:3623,1
DA:3624,1
DA:3625,1
DA:3626,1
DA:3627,1
DA:3628,1
DA:3629,1
DA:3630,1
DA:3631,1
DA:3632,1
DA:3633,1
DA:3634,1
DA:3635,1
DA:3636,1
DA:3637,1
DA:3638,1
DA:3639,1
DA:3640,1
DA:3641,1
DA:3642,1
DA:3643,1
DA:3644,1
DA:3645,1
DA:3646,1
DA:3647,1
DA:3648,1
DA:3649,1
DA:3650,1
DA:3651,1
DA:3652,1
DA:3653,1
DA:3654,1
DA:3655,1
DA:3656,1
DA:3657,1
DA:3658,1
DA:3659,1
DA:3660,1
DA:3661,1
DA:3662,1
DA:3663,1
DA:3664,1
DA:3665,1
DA:3666,1
DA:3667,1
DA:3668,1
DA:3669,1
DA:3670,1
DA:3671,1
DA:3672,1
DA:3673,1
DA:3674,1
DA:3675,1
DA:3676,1
DA:3677,1
DA:3678,1
DA:3679,1
DA:3680,1
DA:3681,1
DA:3682,1
DA:3683,1
DA:3684,1
DA:3685,1
DA:3686,1
DA:3687,1
DA:3688,1
DA:3689,1
DA:3690,1
DA:3691,1
DA:3692,1
DA:3693,1
DA:3694,1
DA:3695,1
DA:3696,1
DA:3697,1
DA:3698,1
DA:3699,1
DA:3700,1
DA:3701,1
DA:3702,1
DA:3703,1
DA:3704,1
DA:3705,1
DA:3706,1
DA:3707,1
DA:3708,1
DA:3709,43
DA:3710,43
DA:3711,43
DA:3712,43
DA:3713,43
DA:3714,43
DA:3715,43
DA:3716,43
DA:3717,43
DA:3718,48
DA:3719,48
DA:3720,48
DA:3721,48
DA:3722,45
DA:3723,45
DA:3724,45
DA:3725,43
DA:3726,43
DA:3727,43
DA:3728,43
DA:3729,43
DA:3730,7
DA:3731,43
DA:3732,1
DA:3733,43
DA:3734,1
DA:3735,1
DA:3736,1
DA:3737,1
DA:3738,43
DA:3739,1
DA:3740,1
DA:3741,43
DA:3742,1
DA:3743,43
DA:3744,2
DA:3745,2
DA:3746,2
DA:3747,2
DA:3748,2
DA:3749,43
DA:3750,1
DA:3751,43
DA:3752,2
DA:3753,43
DA:3754,1
DA:3755,43
DA:3756,1
DA:3757,43
DA:3758,1
DA:3759,43
DA:3760,1
DA:3761,1
DA:3762,1
DA:3763,1
DA:3764,1
DA:3765,1
DA:3766,1
DA:3767,1
DA:3768,0
DA:3769,0
DA:3770,0
DA:3771,0
DA:3772,0
DA:3773,43
DA:3774,1
DA:3775,1
DA:3776,1
DA:3777,1
DA:3778,43
DA:3779,1
DA:3780,1
DA:3781,1
DA:3782,43
DA:3783,1
DA:3784,43
DA:3785,1
DA:3786,1
DA:3787,1
DA:3788,1
DA:3789,43
DA:3790,1
DA:3791,0
DA:3792,0
DA:3793,1
DA:3794,43
DA:3795,1
DA:3796,0
DA:3797,1
DA:3798,43
DA:3799,1
DA:3800,1
DA:3801,1
DA:3802,1
DA:3803,43
DA:3804,1
DA:3805,43
DA:3806,1
DA:3807,1
DA:3808,1
DA:3809,1
DA:3810,43
DA:3811,1
DA:3812,43
DA:3813,1
DA:3814,1
DA:3815,1
DA:3816,1
DA:3817,0
DA:3818,1
DA:3819,43
DA:3820,1
DA:3821,1
DA:3822,1
DA:3823,1
DA:3824,43
DA:3825,1
DA:3826,1
DA:3827,1
DA:3828,1
DA:3829,43
DA:3830,1
DA:3831,43
DA:3832,1
DA:3833,43
DA:3834,1
DA:3835,43
DA:3836,4
DA:3837,43
DA:3838,1
DA:3839,43
DA:3840,1
DA:3841,43
DA:3842,43
DA:3843,4
DA:3844,4
DA:3845,4
DA:3846,43
DA:3847,1
DA:3848,1
DA:3849,1
DA:3850,1
DA:3851,1
DA:3852,1
DA:3853,1
DA:3854,1
DA:3855,1
DA:3856,1
DA:3857,1
DA:3858,1
DA:3859,1
DA:3860,1
DA:3861,1
DA:3862,1
DA:3863,1
DA:3864,1
DA:3865,1
DA:3866,1
DA:3867,1
DA:3868,1
DA:3869,1
DA:3870,1
DA:3871,1
DA:3872,1
DA:3873,1
DA:3874,1
DA:3875,1
DA:3876,1
DA:3877,1
DA:3878,6
DA:3879,6
DA:3880,6
DA:3881,6
DA:3882,6
DA:3883,6
DA:3884,6
DA:3885,6
DA:3886,6
DA:3887,6
DA:3888,6
DA:3889,6
DA:3890,4
DA:3891,4
DA:3892,0
DA:3893,0
DA:3894,0
DA:3895,0
DA:3896,0
DA:3897,0
DA:3898,0
DA:3899,0
DA:3900,0
DA:3901,0
DA:3902,0
DA:3903,0
DA:3904,0
DA:3905,0
DA:3906,6
DA:3907,5
DA:3908,5
DA:3909,5
DA:3910,6
DA:3911,1
DA:3912,1
DA:3913,1
DA:3914,1
DA:3915,1
DA:3916,1
DA:3917,1
DA:3918,1
DA:3919,1
DA:3920,1
DA:3921,1
DA:3922,1
DA:3923,1
DA:3924,1
DA:3925,1
DA:3926,1
DA:3927,1
DA:3928,1
DA:3929,1
DA:3930,1
DA:3931,1
DA:3932,1
DA:3933,1
DA:3934,1
DA:3935,1
DA:3936,1
DA:3937,1
DA:3938,1
DA:3939,1
DA:3940,1
DA:3941,1
DA:3942,1
DA:3943,1
DA:3944,1
DA:3945,1
DA:3946,1
DA:3947,1
DA:3948,1
DA:3949,1
DA:3950,0
DA:3951,0
DA:3952,0
DA:3953,0
DA:3954,0
DA:3955,0
DA:3956,0
DA:3957,0
DA:3958,0
DA:3959,0
DA:3960,0
DA:3961,0
DA:3962,0
DA:3963,0
DA:3964,0
DA:3965,0
DA:3966,0
DA:3967,0
DA:3968,0
DA:3969,0
DA:3970,0
DA:3971,0
DA:3972,0
DA:3973,0
DA:3974,0
DA:3975,0
DA:3976,0
DA:3977,0
DA:3978,0
DA:3979,0
DA:3980,0
DA:3981,0
DA:3982,0
DA:3983,0
DA:3984,0
DA:3985,0
DA:3986,0
DA:3987,1
DA:3988,1
DA:3989,1
DA:3990,1
DA:3991,1
DA:3992,1
DA:3993,1
DA:3994,1
DA:3995,1
DA:3996,1
DA:3997,1
DA:3998,1
DA:3999,1
DA:4000,1
DA:4001,1
DA:4002,1
DA:4003,1
DA:4004,0
DA:4005,0
DA:4006,0
DA:4007,0
DA:4008,0
DA:4009,0
DA:4010,0
DA:4011,0
DA:4012,0
DA:4013,0
DA:4014,0
DA:4015,0
DA:4016,0
DA:4017,0
DA:4018,0
DA:4019,0
DA:4020,0
DA:4021,0
DA:4022,0
DA:4023,0
DA:4024,0
DA:4025,0
DA:4026,0
DA:4027,0
DA:4028,0
DA:4029,0
DA:4030,0
DA:4031,0
DA:4032,0
DA:4033,0
DA:4034,0
DA:4035,0
DA:4036,0
DA:4037,1
DA:4038,1
DA:4039,1
DA:4040,1
DA:4041,1
DA:4042,1
DA:4043,1
DA:4044,1
DA:4045,1
DA:4046,1
DA:4047,1
DA:4048,1
DA:4049,1
DA:4050,1
DA:4051,1
DA:4052,1
DA:4053,1
DA:4054,1
DA:4055,0
DA:4056,0
DA:4057,0
DA:4058,0
DA:4059,0
DA:4060,0
DA:4061,0
DA:4062,0
DA:4063,0
DA:4064,0
DA:4065,0
DA:4066,0
DA:4067,0
DA:4068,0
DA:4069,0
DA:4070,0
DA:4071,0
DA:4072,0
DA:4073,0
DA:4074,0
DA:4075,0
DA:4076,0
DA:4077,0
DA:4078,0
DA:4079,0
DA:4080,0
DA:4081,0
DA:4082,0
DA:4083,0
DA:4084,0
DA:4085,0
DA:4086,0
DA:4087,0
DA:4088,0
DA:4089,0
DA:4090,0
DA:4091,1
DA:4092,1
DA:4093,1
DA:4094,1
DA:4095,1
DA:4096,1
DA:4097,1
DA:4098,1
DA:4099,1
DA:4100,1
DA:4101,1
DA:4102,1
DA:4103,1
DA:4104,1
DA:4105,1
DA:4106,1
DA:4107,0
DA:4108,0
DA:4109,0
DA:4110,0
DA:4111,0
DA:4112,0
DA:4113,0
DA:4114,0
DA:4115,0
DA:4116,0
DA:4117,0
DA:4118,0
DA:4119,0
DA:4120,0
DA:4121,0
DA:4122,0
DA:4123,0
DA:4124,0
DA:4125,0
DA:4126,0
DA:4127,0
DA:4128,0
DA:4129,0
DA:4130,0
DA:4131,0
DA:4132,0
DA:4133,0
DA:4134,0
DA:4135,1
DA:4136,1
DA:4137,1
DA:4138,1
DA:4139,1
DA:4140,1
DA:4141,1
DA:4142,1
DA:4143,1
DA:4144,1
DA:4145,1
DA:4146,1
DA:4147,1
DA:4148,1
DA:4149,1
DA:4150,1
DA:4151,0
DA:4152,0
DA:4153,0
DA:4154,0
DA:4155,0
DA:4156,0
DA:4157,0
DA:4158,0
DA:4159,0
DA:4160,0
DA:4161,0
DA:4162,0
DA:4163,0
DA:4164,0
DA:4165,0
DA:4166,0
DA:4167,0
DA:4168,0
DA:4169,0
DA:4170,0
DA:4171,0
DA:4172,0
DA:4173,0
DA:4174,0
DA:4175,0
DA:4176,0
DA:4177,0
DA:4178,0
DA:4179,0
DA:4180,0
DA:4181,0
DA:4182,0
DA:4183,1
DA:4184,1
DA:4185,1
DA:4186,1
DA:4187,1
DA:4188,1
DA:4189,1
DA:4190,1
DA:4191,1
DA:4192,1
DA:4193,1
DA:4194,1
DA:4195,1
DA:4196,1
DA:4197,1
DA:4198,1
DA:4199,1
DA:4200,1
DA:4201,0
DA:4202,0
DA:4203,0
DA:4204,0
DA:4205,0
DA:4206,0
DA:4207,0
DA:4208,0
DA:4209,0
DA:4210,0
DA:4211,0
DA:4212,0
DA:4213,0
DA:4214,0
DA:4215,0
DA:4216,0
DA:4217,0
DA:4218,0
DA:4219,0
DA:4220,0
DA:4221,0
DA:4222,0
DA:4223,0
DA:4224,0
DA:4225,0
DA:4226,0
DA:4227,0
DA:4228,0
DA:4229,0
DA:4230,0
DA:4231,0
DA:4232,0
DA:4233,0
DA:4234,1
DA:4235,1
DA:4236,1
DA:4237,1
DA:4238,1
DA:4239,1
DA:4240,1
DA:4241,1
DA:4242,1
DA:4243,1
DA:4244,1
DA:4245,1
DA:4246,1
DA:4247,1
DA:4248,1
DA:4249,1
DA:4250,1
DA:4251,1
DA:4252,1
DA:4253,1
DA:4254,1
DA:4255,1
DA:4256,1
DA:4257,1
DA:4258,1
DA:4259,1
DA:4260,1
DA:4261,1
DA:4262,1
DA:4263,1
DA:4264,1
DA:4265,1
DA:4266,1
DA:4267,1
DA:4268,1
DA:4269,1
DA:4270,1
DA:4271,1
DA:4272,1
DA:4273,1
DA:4274,1
DA:4275,1
DA:4276,1
DA:4277,1
DA:4278,1
DA:4279,1
DA:4280,1
DA:4281,1
DA:4282,1
DA:4283,1
DA:4284,1
DA:4285,1
DA:4286,1
DA:4287,1
DA:4288,1
DA:4289,1
DA:4290,1
DA:4291,1
DA:4292,1
DA:4293,1
DA:4294,1
DA:4295,1
DA:4296,1
DA:4297,1
DA:4298,1
DA:4299,1
DA:4300,1
DA:4301,1
DA:4302,1
DA:4303,1
DA:4304,1
DA:4305,1
DA:4306,1
DA:4307,1
DA:4308,1
DA:4309,1
DA:4310,1
DA:4311,1
DA:4312,1
DA:4313,1
DA:4314,1
DA:4315,1
DA:4316,1
DA:4317,1
DA:4318,1
DA:4319,1
DA:4320,1
DA:4321,1
DA:4322,1
DA:4323,1
DA:4324,1
DA:4325,1
DA:4326,1
DA:4327,1
DA:4328,1
DA:4329,1
DA:4330,1
DA:4331,1
DA:4332,1
DA:4333,1
DA:4334,1
DA:4335,1
DA:4336,1
DA:4337,1
DA:4338,1
DA:4339,1
DA:4340,1
DA:4341,1
DA:4342,1
DA:4343,1
DA:4344,1
DA:4345,1
DA:4346,1
DA:4347,1
DA:4348,1
DA:4349,1
DA:4350,1
DA:4351,1
DA:4352,1
DA:4353,1
DA:4354,1
DA:4355,1
DA:4356,1
DA:4357,1
DA:4358,1
DA:4359,1
DA:4360,1
DA:4361,1
DA:4362,1
DA:4363,1
DA:4364,1
DA:4365,1
DA:4366,1
DA:4367,1
DA:4368,1
DA:4369,1
DA:4370,1
DA:4371,1
DA:4372,1
DA:4373,1
DA:4374,1
DA:4375,1
DA:4376,1
DA:4377,1
DA:4378,1
DA:4379,1
DA:4380,1
DA:4381,1
DA:4382,1
DA:4383,1
DA:4384,1
DA:4385,1
DA:4386,1
DA:4387,1
DA:4388,1
DA:4389,1
DA:4390,1
DA:4391,1
DA:4392,1
DA:4393,1
DA:4394,1
DA:4395,1
DA:4396,1
DA:4397,1
DA:4398,1
DA:4399,1
DA:4400,1
DA:4401,1
DA:4402,1
DA:4403,1
DA:4404,1
DA:4405,1
DA:4406,1
DA:4407,1
DA:4408,1
DA:4409,1
DA:4410,1
DA:4411,1
DA:4412,1
DA:4413,1
DA:4414,1
DA:4415,1
DA:4416,1
DA:4417,1
DA:4418,1
DA:4419,1
DA:4420,1
DA:4421,1
DA:4422,1
DA:4423,1
DA:4424,1
DA:4425,1
DA:4426,1
DA:4427,1
DA:4428,1
DA:4429,1
DA:4430,1
DA:4431,1
DA:4432,1
DA:4433,1
DA:4434,1
DA:4435,1
DA:4436,1
DA:4437,1
DA:4438,1
DA:4439,1
DA:4440,1
DA:4441,1
DA:4442,1
DA:4443,1
DA:4444,1
DA:4445,1
DA:4446,1
DA:4447,1
DA:4448,1
DA:4449,1
DA:4450,1
DA:4451,1
DA:4452,1
DA:4453,1
DA:4454,1
DA:4455,1
DA:4456,1
DA:4457,1
DA:4458,1
DA:4459,1
DA:4460,1
DA:4461,1
DA:4462,1
DA:4463,1
DA:4464,1
DA:4465,1
DA:4466,1
DA:4467,1
DA:4468,1
DA:4469,1
DA:4470,1
DA:4471,1
DA:4472,1
DA:4473,1
DA:4474,1
DA:4475,1
DA:4476,1
DA:4477,1
DA:4478,1
DA:4479,1
DA:4480,1
DA:4481,1
DA:4482,1
DA:4483,1
DA:4484,1
DA:4485,1
DA:4486,1
DA:4487,1
DA:4488,1
DA:4489,1
DA:4490,1
DA:4491,1
DA:4492,1
DA:4493,1
DA:4494,1
DA:4495,1
DA:4496,1
DA:4497,1
DA:4498,1
DA:4499,1
DA:4500,1
DA:4501,1
DA:4502,1
DA:4503,1
DA:4504,1
DA:4505,1
DA:4506,1
DA:4507,1
DA:4508,1
DA:4509,1
DA:4510,1
DA:4511,1
DA:4512,1
DA:4513,1
DA:4514,1
DA:4515,1
DA:4516,1
DA:4517,1
DA:4518,1
DA:4519,1
DA:4520,1
DA:4521,1
DA:4522,1
DA:4523,1
DA:4524,1
DA:4525,1
DA:4526,1
DA:4527,1
DA:4528,1
DA:4529,1
DA:4530,1
DA:4531,1
DA:4532,1
DA:4533,1
DA:4534,1
DA:4535,1
DA:4536,1
DA:4537,0
DA:4538,0
DA:4539,0
DA:4540,0
DA:4541,0
DA:4542,0
DA:4543,0
DA:4544,0
DA:4545,0
DA:4546,0
DA:4547,0
DA:4548,0
DA:4549,0
DA:4550,0
DA:4551,0
DA:4552,0
DA:4553,0
DA:4554,0
DA:4555,0
DA:4556,0
DA:4557,0
DA:4558,0
DA:4559,0
DA:4560,0
DA:4561,0
DA:4562,0
DA:4563,0
DA:4564,0
DA:4565,0
DA:4566,0
DA:4567,0
DA:4568,0
DA:4569,0
DA:4570,0
DA:4571,0
DA:4572,0
DA:4573,0
DA:4574,0
DA:4575,0
DA:4576,0
DA:4577,0
DA:4578,0
DA:4579,0
DA:4580,0
DA:4581,0
DA:4582,0
DA:4583,0
DA:4584,0
DA:4585,0
DA:4586,0
DA:4587,0
DA:4588,0
DA:4589,0
DA:4590,0
DA:4591,0
DA:4592,0
DA:4593,0
DA:4594,0
DA:4595,0
DA:4596,0
DA:4597,0
DA:4598,0
DA:4599,0
DA:4600,0
DA:4601,0
DA:4602,0
DA:4603,0
DA:4604,0
DA:4605,0
DA:4606,0
DA:4607,0
DA:4608,0
DA:4609,0
DA:4610,0
DA:4611,0
DA:4612,0
DA:4613,0
DA:4614,0
DA:4615,0
DA:4616,0
DA:4617,0
DA:4618,0
DA:4619,0
DA:4620,0
DA:4621,0
DA:4622,0
DA:4623,0
DA:4624,0
DA:4625,0
DA:4626,0
DA:4627,0
DA:4628,0
DA:4629,0
DA:4630,0
DA:4631,0
DA:4632,0
DA:4633,0
DA:4634,0
DA:4635,0
DA:4636,0
DA:4637,1
DA:4638,1
DA:4639,1
DA:4640,1
DA:4641,1
DA:4642,1
DA:4643,1
DA:4644,1
DA:4645,1
DA:4646,1
DA:4647,1
DA:4648,0
DA:4649,0
DA:4650,0
DA:4651,0
DA:4652,0
DA:4653,0
DA:4654,0
DA:4655,0
DA:4656,0
DA:4657,0
DA:4658,0
DA:4659,0
DA:4660,0
DA:4661,0
DA:4662,0
DA:4663,0
DA:4664,0
DA:4665,0
DA:4666,0
DA:4667,0
DA:4668,0
DA:4669,0
DA:4670,0
DA:4671,0
DA:4672,0
DA:4673,0
DA:4674,0
DA:4675,0
DA:4676,0
DA:4677,0
DA:4678,0
DA:4679,0
DA:4680,0
DA:4681,0
DA:4682,0
DA:4683,0
DA:4684,0
DA:4685,0
DA:4686,0
DA:4687,0
DA:4688,0
DA:4689,0
DA:4690,0
DA:4691,0
DA:4692,0
DA:4693,0
DA:4694,0
DA:4695,0
DA:4696,0
DA:4697,0
DA:4698,0
DA:4699,1
DA:4700,1
DA:4701,1
DA:4702,1
DA:4703,1
DA:4704,1
DA:4705,1
DA:4706,1
DA:4707,1
DA:4708,1
DA:4709,1
DA:4710,1
DA:4711,1
DA:4712,1
DA:4713,0
DA:4714,0
DA:4715,0
DA:4716,0
DA:4717,0
DA:4718,0
DA:4719,0
DA:4720,0
DA:4721,0
DA:4722,0
DA:4723,0
DA:4724,0
DA:4725,0
DA:4726,0
DA:4727,0
DA:4728,0
DA:4729,0
DA:4730,0
DA:4731,0
DA:4732,0
DA:4733,0
DA:4734,0
DA:4735,0
DA:4736,0
DA:4737,0
DA:4738,0
DA:4739,0
DA:4740,1
DA:4741,1
DA:4742,1
DA:4743,1
DA:4744,1
DA:4745,1
DA:4746,1
DA:4747,0
DA:4748,0
DA:4749,0
DA:4750,0
DA:4751,0
DA:4752,0
DA:4753,0
DA:4754,0
DA:4755,0
DA:4756,0
DA:4757,0
DA:4758,0
DA:4759,0
DA:4760,0
DA:4761,0
DA:4762,0
DA:4763,0
DA:4764,0
DA:4765,0
DA:4766,0
DA:4767,0
DA:4768,0
DA:4769,0
DA:4770,0
DA:4771,0
DA:4772,0
DA:4773,0
DA:4774,0
DA:4775,0
DA:4776,0
DA:4777,0
DA:4778,0
DA:4779,0
DA:4780,0
DA:4781,0
DA:4782,0
DA:4783,0
DA:4784,0
DA:4785,0
DA:4786,0
DA:4787,0
DA:4788,0
DA:4789,0
DA:4790,0
DA:4791,0
DA:4792,0
DA:4793,0
DA:4794,0
DA:4795,0
DA:4796,0
DA:4797,0
DA:4798,0
DA:4799,0
DA:4800,0
DA:4801,0
DA:4802,0
DA:4803,0
DA:4804,0
DA:4805,0
DA:4806,0
DA:4807,0
DA:4808,0
DA:4809,0
DA:4810,0
DA:4811,0
DA:4812,0
DA:4813,0
DA:4814,0
DA:4815,0
DA:4816,0
DA:4817,1
DA:4818,1
DA:4819,1
DA:4820,1
DA:4821,1
DA:4822,1
DA:4823,1
DA:4824,1
DA:4825,1
DA:4826,1
DA:4827,1
DA:4828,1
DA:4829,1
DA:4830,1
DA:4831,1
DA:4832,1
DA:4833,1
DA:4834,1
DA:4835,1
DA:4836,1
DA:4837,1
DA:4838,1
DA:4839,1
DA:4840,1
DA:4841,1
DA:4842,1
DA:4843,1
DA:4844,1
DA:4845,1
DA:4846,1
DA:4847,0
DA:4848,0
DA:4849,0
DA:4850,0
DA:4851,0
DA:4852,0
DA:4853,0
DA:4854,0
DA:4855,0
DA:4856,0
DA:4857,0
DA:4858,0
DA:4859,0
DA:4860,0
DA:4861,0
DA:4862,0
DA:4863,0
DA:4864,0
DA:4865,0
DA:4866,0
DA:4867,0
DA:4868,0
DA:4869,0
DA:4870,0
DA:4871,0
DA:4872,0
DA:4873,0
DA:4874,0
DA:4875,0
DA:4876,0
DA:4877,0
DA:4878,0
DA:4879,0
DA:4880,0
DA:4881,0
DA:4882,0
DA:4883,0
DA:4884,0
DA:4885,0
DA:4886,0
DA:4887,0
DA:4888,0
DA:4889,0
DA:4890,0
DA:4891,0
DA:4892,0
DA:4893,0
DA:4894,0
DA:4895,0
DA:4896,0
DA:4897,0
DA:4898,0
DA:4899,0
DA:4900,0
DA:4901,0
DA:4902,0
DA:4903,0
DA:4904,0
DA:4905,0
DA:4906,0
DA:4907,0
DA:4908,0
DA:4909,0
DA:4910,0
DA:4911,0
DA:4912,0
DA:4913,0
DA:4914,0
DA:4915,0
DA:4916,0
DA:4917,0
DA:4918,0
DA:4919,0
DA:4920,0
DA:4921,0
DA:4922,0
DA:4923,0
DA:4924,0
DA:4925,0
DA:4926,0
DA:4927,0
DA:4928,0
DA:4929,0
DA:4930,0
DA:4931,0
DA:4932,0
DA:4933,0
DA:4934,0
DA:4935,0
DA:4936,0
DA:4937,0
DA:4938,0
DA:4939,0
DA:4940,0
DA:4941,0
DA:4942,0
DA:4943,0
DA:4944,0
DA:4945,0
DA:4946,0
DA:4947,0
DA:4948,0
DA:4949,0
DA:4950,0
DA:4951,1
DA:4952,1
DA:4953,1
DA:4954,1
DA:4955,1
DA:4956,1
DA:4957,1
DA:4958,1
DA:4959,1
DA:4960,1
DA:4961,1
DA:4962,1
DA:4963,1
DA:4964,1
DA:4965,1
DA:4966,1
DA:4967,1
DA:4968,1
DA:4969,1
DA:4970,1
DA:4971,1
DA:4972,1
DA:4973,1
DA:4974,1
DA:4975,1
DA:4976,1
DA:4977,1
DA:4978,1
DA:4979,1
DA:4980,1
DA:4981,0
DA:4982,0
DA:4983,0
DA:4984,0
DA:4985,0
DA:4986,0
DA:4987,0
DA:4988,0
DA:4989,0
DA:4990,1
DA:4991,1
DA:4992,1
DA:4993,1
DA:4994,1
DA:4995,1
DA:4996,1
DA:4997,1
DA:4998,1
DA:4999,1
DA:5000,1
DA:5001,1
DA:5002,1
DA:5003,1
DA:5004,1
DA:5005,1
DA:5006,1
DA:5007,1
DA:5008,0
DA:5009,0
DA:5010,0
DA:5011,0
DA:5012,0
DA:5013,0
DA:5014,0
DA:5015,0
DA:5016,0
DA:5017,0
DA:5018,0
DA:5019,0
DA:5020,0
DA:5021,0
DA:5022,0
DA:5023,0
DA:5024,0
DA:5025,0
DA:5026,0
DA:5027,0
DA:5028,0
DA:5029,0
DA:5030,0
DA:5031,0
DA:5032,0
DA:5033,0
DA:5034,0
DA:5035,0
DA:5036,0
DA:5037,0
DA:5038,0
DA:5039,0
DA:5040,0
DA:5041,0
DA:5042,0
DA:5043,0
DA:5044,0
DA:5045,0
DA:5046,0
DA:5047,0
DA:5048,0
DA:5049,0
DA:5050,0
DA:5051,0
DA:5052,0
DA:5053,0
DA:5054,0
DA:5055,0
DA:5056,0
DA:5057,0
DA:5058,0
DA:5059,0
DA:5060,0
DA:5061,0
DA:5062,0
DA:5063,0
DA:5064,0
DA:5065,0
DA:5066,0
DA:5067,0
DA:5068,1
DA:5069,1
DA:5070,1
DA:5071,1
DA:5072,1
DA:5073,1
DA:5074,1
DA:5075,1
DA:5076,1
DA:5077,1
DA:5078,1
DA:5079,1
DA:5080,1
DA:5081,1
DA:5082,1
DA:5083,1
DA:5084,1
DA:5085,1
DA:5086,1
DA:5087,0
DA:5088,0
DA:5089,0
DA:5090,0
DA:5091,0
DA:5092,0
DA:5093,0
DA:5094,0
DA:5095,0
DA:5096,0
DA:5097,1
DA:5098,1
DA:5099,1
DA:5100,1
DA:5101,1
DA:5102,1
DA:5103,1
DA:5104,1
DA:5105,1
DA:5106,1
DA:5107,1
DA:5108,1
DA:5109,1
DA:5110,1
DA:5111,1
DA:5112,1
DA:5113,0
DA:5114,0
DA:5115,0
DA:5116,0
DA:5117,0
DA:5118,0
DA:5119,0
DA:5120,1
DA:5121,1
DA:5122,1
DA:5123,1
DA:5124,1
DA:5125,1
DA:5126,1
DA:5127,1
DA:5128,0
DA:5129,0
DA:5130,0
DA:5131,0
DA:5132,0
DA:5133,0
DA:5134,0
DA:5135,1
DA:5136,1
DA:5137,1
DA:5138,1
DA:5139,1
DA:5140,1
DA:5141,1
DA:5142,1
DA:5143,1
DA:5144,1
DA:5145,1
DA:5146,1
DA:5147,0
DA:5148,0
DA:5149,0
DA:5150,0
DA:5151,0
DA:5152,0
DA:5153,0
DA:5154,1
DA:5155,1
DA:5156,1
DA:5157,1
DA:5158,1
DA:5159,1
DA:5160,0
DA:5161,0
DA:5162,0
DA:5163,0
DA:5164,0
DA:5165,0
DA:5166,0
DA:5167,1
DA:5168,1
DA:5169,1
DA:5170,1
DA:5171,1
DA:5172,1
DA:5173,0
DA:5174,0
DA:5175,0
DA:5176,0
DA:5177,0
DA:5178,0
DA:5179,0
DA:5180,1
DA:5181,1
DA:5182,1
DA:5183,1
DA:5184,1
DA:5185,1
DA:5186,1
DA:5187,1
DA:5188,0
DA:5189,0
DA:5190,0
DA:5191,0
DA:5192,0
DA:5193,0
DA:5194,0
DA:5195,1
DA:5196,1
DA:5197,1
DA:5198,1
DA:5199,1
DA:5200,1
DA:5201,1
DA:5202,1
DA:5203,1
DA:5204,1
DA:5205,1
DA:5206,1
DA:5207,1
DA:5208,1
DA:5209,1
DA:5210,1
DA:5211,1
DA:5212,1
DA:5213,1
DA:5214,1
DA:5215,1
DA:5216,1
DA:5217,1
DA:5218,1
DA:5219,1
DA:5220,1
DA:5221,1
DA:5222,1
DA:5223,1
DA:5224,1
DA:5225,1
DA:5226,1
DA:5227,1
DA:5228,1
DA:5229,1
DA:5230,1
DA:5231,1
DA:5232,1
DA:5233,1
DA:5234,1
DA:5235,1
DA:5236,1
DA:5237,1
DA:5238,1
DA:5239,1
DA:5240,1
DA:5241,1
DA:5242,1
DA:5243,1
DA:5244,1
DA:5245,1
DA:5246,1
DA:5247,1
DA:5248,1
DA:5249,1
DA:5250,1
DA:5251,1
DA:5252,1
DA:5253,1
DA:5254,1
DA:5255,1
DA:5256,1
DA:5257,1
DA:5258,1
DA:5259,1
DA:5260,1
DA:5261,1
DA:5262,1
DA:5263,1
DA:5264,1
DA:5265,1
DA:5266,1
DA:5267,1
DA:5268,1
DA:5269,1
DA:5270,1
DA:5271,0
DA:5272,0
DA:5273,0
DA:5274,0
DA:5275,0
DA:5276,0
DA:5277,0
DA:5278,0
DA:5279,0
DA:5280,0
DA:5281,1
DA:5282,1
LH:3953
LF:5282
end_of_record
